{"D:\\ProjecteBet\\betApi\\index.js": {"path":"D:\\ProjecteBet\\betApi\\index.js","statementMap":{"0":{"start":{"line":1,"column":16},"end":{"line":1,"column":34}},"1":{"start":{"line":2,"column":16},"end":{"line":2,"column":34}},"2":{"start":{"line":3,"column":12},"end":{"line":3,"column":21}},"3":{"start":{"line":5,"column":0},"end":{"line":5,"column":31}},"4":{"start":{"line":6,"column":0},"end":{"line":6,"column":33}},"5":{"start":{"line":7,"column":0},"end":{"line":7,"column":26}},"6":{"start":{"line":8,"column":0},"end":{"line":8,"column":30}},"7":{"start":{"line":9,"column":0},"end":{"line":9,"column":34}},"8":{"start":{"line":11,"column":13},"end":{"line":11,"column":37}},"9":{"start":{"line":12,"column":15},"end":{"line":12,"column":83}},"10":{"start":{"line":12,"column":38},"end":{"line":12,"column":82}},"11":{"start":{"line":14,"column":0},"end":{"line":14,"column":24}}},"fnMap":{"0":{"name":"(anonymous_0)","decl":{"start":{"line":12,"column":32},"end":{"line":12,"column":33}},"loc":{"start":{"line":12,"column":38},"end":{"line":12,"column":82}},"line":12}},"branchMap":{"0":{"loc":{"start":{"line":11,"column":13},"end":{"line":11,"column":37}},"type":"binary-expr","locations":[{"start":{"line":11,"column":13},"end":{"line":11,"column":29}},{"start":{"line":11,"column":33},"end":{"line":11,"column":37}}],"line":11}},"s":{"0":2,"1":2,"2":2,"3":2,"4":2,"5":2,"6":2,"7":2,"8":2,"9":2,"10":2,"11":2},"f":{"0":2},"b":{"0":[2,2]},"_coverageSchema":"43e27e138ebf9cfc5966b082cf9a028302ed4184","hash":"7267698dcdfb8f4fdbf4d18d1383da4ffdc5b5c0"}
,"D:\\ProjecteBet\\betApi\\middleware\\auth.js": {"path":"D:\\ProjecteBet\\betApi\\middleware\\auth.js","statementMap":{"0":{"start":{"line":1,"column":12},"end":{"line":1,"column":35}},"1":{"start":{"line":2,"column":15},"end":{"line":2,"column":32}},"2":{"start":{"line":5,"column":0},"end":{"line":16,"column":1}},"3":{"start":{"line":6,"column":16},"end":{"line":6,"column":42}},"4":{"start":{"line":7,"column":2},"end":{"line":7,"column":79}},"5":{"start":{"line":7,"column":14},"end":{"line":7,"column":79}},"6":{"start":{"line":9,"column":2},"end":{"line":15,"column":3}},"7":{"start":{"line":10,"column":20},"end":{"line":10,"column":66}},"8":{"start":{"line":11,"column":4},"end":{"line":11,"column":23}},"9":{"start":{"line":12,"column":4},"end":{"line":12,"column":11}},"10":{"start":{"line":14,"column":4},"end":{"line":14,"column":43}}},"fnMap":{"0":{"name":"(anonymous_0)","decl":{"start":{"line":5,"column":17},"end":{"line":5,"column":18}},"loc":{"start":{"line":5,"column":43},"end":{"line":16,"column":1}},"line":5}},"branchMap":{"0":{"loc":{"start":{"line":7,"column":2},"end":{"line":7,"column":79}},"type":"if","locations":[{"start":{"line":7,"column":2},"end":{"line":7,"column":79}},{"start":{"line":7,"column":2},"end":{"line":7,"column":79}}],"line":7}},"s":{"0":3,"1":3,"2":3,"3":22,"4":22,"5":3,"6":19,"7":19,"8":18,"9":18,"10":1},"f":{"0":22},"b":{"0":[3,19]},"_coverageSchema":"43e27e138ebf9cfc5966b082cf9a028302ed4184","hash":"a66c047c647654def49fd7664a40ac3bc696ae83"}
,"D:\\ProjecteBet\\betApi\\middleware\\error.js": {"path":"D:\\ProjecteBet\\betApi\\middleware\\error.js","statementMap":{"0":{"start":{"line":1,"column":16},"end":{"line":1,"column":34}},"1":{"start":{"line":3,"column":0},"end":{"line":14,"column":1}},"2":{"start":{"line":4,"column":2},"end":{"line":4,"column":34}},"3":{"start":{"line":13,"column":2},"end":{"line":13,"column":44}}},"fnMap":{"0":{"name":"(anonymous_0)","decl":{"start":{"line":3,"column":17},"end":{"line":3,"column":18}},"loc":{"start":{"line":3,"column":48},"end":{"line":14,"column":1}},"line":3}},"branchMap":{},"s":{"0":2,"1":2,"2":0,"3":0},"f":{"0":0},"b":{},"_coverageSchema":"43e27e138ebf9cfc5966b082cf9a028302ed4184","hash":"bd66d8af1523057b1be5219779c47156ff8869aa"}
,"D:\\ProjecteBet\\betApi\\middleware\\validate\\validateBookmakerId.js": {"path":"D:\\ProjecteBet\\betApi\\middleware\\validate\\validateBookmakerId.js","statementMap":{"0":{"start":{"line":1,"column":17},"end":{"line":1,"column":36}},"1":{"start":{"line":4,"column":0},"end":{"line":9,"column":2}},"2":{"start":{"line":5,"column":4},"end":{"line":7,"column":5}},"3":{"start":{"line":6,"column":8},"end":{"line":6,"column":61}},"4":{"start":{"line":8,"column":4},"end":{"line":8,"column":11}}},"fnMap":{"0":{"name":"(anonymous_0)","decl":{"start":{"line":4,"column":17},"end":{"line":4,"column":18}},"loc":{"start":{"line":4,"column":43},"end":{"line":9,"column":1}},"line":4}},"branchMap":{"0":{"loc":{"start":{"line":5,"column":4},"end":{"line":7,"column":5}},"type":"if","locations":[{"start":{"line":5,"column":4},"end":{"line":7,"column":5}},{"start":{"line":5,"column":4},"end":{"line":7,"column":5}}],"line":5}},"s":{"0":2,"1":2,"2":0,"3":0,"4":0},"f":{"0":0},"b":{"0":[0,0]},"_coverageSchema":"43e27e138ebf9cfc5966b082cf9a028302ed4184","hash":"19cec51f8ac7c8acfb4279f6d0376321d102d24c"}
,"D:\\ProjecteBet\\betApi\\middleware\\validate\\validateObjectId.js": {"path":"D:\\ProjecteBet\\betApi\\middleware\\validate\\validateObjectId.js","statementMap":{"0":{"start":{"line":1,"column":17},"end":{"line":1,"column":36}},"1":{"start":{"line":4,"column":0},"end":{"line":9,"column":2}},"2":{"start":{"line":5,"column":4},"end":{"line":7,"column":5}},"3":{"start":{"line":6,"column":8},"end":{"line":6,"column":51}},"4":{"start":{"line":8,"column":4},"end":{"line":8,"column":11}}},"fnMap":{"0":{"name":"(anonymous_0)","decl":{"start":{"line":4,"column":17},"end":{"line":4,"column":18}},"loc":{"start":{"line":4,"column":43},"end":{"line":9,"column":1}},"line":4}},"branchMap":{"0":{"loc":{"start":{"line":5,"column":4},"end":{"line":7,"column":5}},"type":"if","locations":[{"start":{"line":5,"column":4},"end":{"line":7,"column":5}},{"start":{"line":5,"column":4},"end":{"line":7,"column":5}}],"line":5}},"s":{"0":2,"1":2,"2":10,"3":2,"4":8},"f":{"0":10},"b":{"0":[2,8]},"_coverageSchema":"43e27e138ebf9cfc5966b082cf9a028302ed4184","hash":"29441ff0bda82ef2eab4e39e223856df0fb00f0a"}
,"D:\\ProjecteBet\\betApi\\middleware\\validate\\validateSportId.js": {"path":"D:\\ProjecteBet\\betApi\\middleware\\validate\\validateSportId.js","statementMap":{"0":{"start":{"line":1,"column":17},"end":{"line":1,"column":36}},"1":{"start":{"line":4,"column":0},"end":{"line":9,"column":2}},"2":{"start":{"line":5,"column":4},"end":{"line":7,"column":5}},"3":{"start":{"line":6,"column":8},"end":{"line":6,"column":57}},"4":{"start":{"line":8,"column":4},"end":{"line":8,"column":11}}},"fnMap":{"0":{"name":"(anonymous_0)","decl":{"start":{"line":4,"column":17},"end":{"line":4,"column":18}},"loc":{"start":{"line":4,"column":43},"end":{"line":9,"column":1}},"line":4}},"branchMap":{"0":{"loc":{"start":{"line":5,"column":4},"end":{"line":7,"column":5}},"type":"if","locations":[{"start":{"line":5,"column":4},"end":{"line":7,"column":5}},{"start":{"line":5,"column":4},"end":{"line":7,"column":5}}],"line":5}},"s":{"0":2,"1":2,"2":0,"3":0,"4":0},"f":{"0":0},"b":{"0":[0,0]},"_coverageSchema":"43e27e138ebf9cfc5966b082cf9a028302ed4184","hash":"179e2a39b3a279efa7de5bfec0c57db1e306eece"}
,"D:\\ProjecteBet\\betApi\\middleware\\validate\\validateUserId.js": {"path":"D:\\ProjecteBet\\betApi\\middleware\\validate\\validateUserId.js","statementMap":{"0":{"start":{"line":1,"column":17},"end":{"line":1,"column":36}},"1":{"start":{"line":4,"column":0},"end":{"line":9,"column":2}},"2":{"start":{"line":5,"column":4},"end":{"line":7,"column":5}},"3":{"start":{"line":6,"column":8},"end":{"line":6,"column":56}},"4":{"start":{"line":8,"column":4},"end":{"line":8,"column":11}}},"fnMap":{"0":{"name":"(anonymous_0)","decl":{"start":{"line":4,"column":17},"end":{"line":4,"column":18}},"loc":{"start":{"line":4,"column":43},"end":{"line":9,"column":1}},"line":4}},"branchMap":{"0":{"loc":{"start":{"line":5,"column":4},"end":{"line":7,"column":5}},"type":"if","locations":[{"start":{"line":5,"column":4},"end":{"line":7,"column":5}},{"start":{"line":5,"column":4},"end":{"line":7,"column":5}}],"line":5}},"s":{"0":2,"1":2,"2":0,"3":0,"4":0},"f":{"0":0},"b":{"0":[0,0]},"_coverageSchema":"43e27e138ebf9cfc5966b082cf9a028302ed4184","hash":"8e89cacddff30b13a1ee69068b8206c4f4769ccd"}
,"D:\\ProjecteBet\\betApi\\models\\bet.js": {"path":"D:\\ProjecteBet\\betApi\\models\\bet.js","statementMap":{"0":{"start":{"line":1,"column":17},"end":{"line":1,"column":36}},"1":{"start":{"line":2,"column":12},"end":{"line":2,"column":26}},"2":{"start":{"line":4,"column":17},"end":{"line":4,"column":40}},"3":{"start":{"line":6,"column":18},"end":{"line":80,"column":2}},"4":{"start":{"line":82,"column":12},"end":{"line":82,"column":44}},"5":{"start":{"line":85,"column":19},"end":{"line":104,"column":5}},"6":{"start":{"line":105,"column":4},"end":{"line":105,"column":37}},"7":{"start":{"line":108,"column":0},"end":{"line":108,"column":18}},"8":{"start":{"line":109,"column":0},"end":{"line":109,"column":31}}},"fnMap":{"0":{"name":"validateBet","decl":{"start":{"line":84,"column":9},"end":{"line":84,"column":20}},"loc":{"start":{"line":84,"column":26},"end":{"line":106,"column":1}},"line":84}},"branchMap":{},"s":{"0":2,"1":2,"2":2,"3":2,"4":2,"5":0,"6":0,"7":2,"8":2},"f":{"0":0},"b":{},"_coverageSchema":"43e27e138ebf9cfc5966b082cf9a028302ed4184","hash":"8752bffcd6af0696000fc32b8a917caa0035ee25"}
,"D:\\ProjecteBet\\betApi\\models\\betType.js": {"path":"D:\\ProjecteBet\\betApi\\models\\betType.js","statementMap":{"0":{"start":{"line":1,"column":17},"end":{"line":1,"column":36}},"1":{"start":{"line":2,"column":12},"end":{"line":2,"column":26}},"2":{"start":{"line":4,"column":22},"end":{"line":13,"column":2}},"3":{"start":{"line":15,"column":16},"end":{"line":15,"column":56}},"4":{"start":{"line":18,"column":19},"end":{"line":21,"column":5}},"5":{"start":{"line":22,"column":4},"end":{"line":22,"column":41}},"6":{"start":{"line":25,"column":0},"end":{"line":25,"column":26}},"7":{"start":{"line":26,"column":0},"end":{"line":26,"column":35}}},"fnMap":{"0":{"name":"validateBetType","decl":{"start":{"line":17,"column":9},"end":{"line":17,"column":24}},"loc":{"start":{"line":17,"column":34},"end":{"line":23,"column":1}},"line":17}},"branchMap":{},"s":{"0":2,"1":2,"2":2,"3":2,"4":0,"5":0,"6":2,"7":2},"f":{"0":0},"b":{},"_coverageSchema":"43e27e138ebf9cfc5966b082cf9a028302ed4184","hash":"029fca68c82958914db6e6940d49208249c95646"}
,"D:\\ProjecteBet\\betApi\\models\\bookmaker.js": {"path":"D:\\ProjecteBet\\betApi\\models\\bookmaker.js","statementMap":{"0":{"start":{"line":1,"column":17},"end":{"line":1,"column":36}},"1":{"start":{"line":2,"column":12},"end":{"line":2,"column":26}},"2":{"start":{"line":4,"column":24},"end":{"line":18,"column":2}},"3":{"start":{"line":20,"column":18},"end":{"line":20,"column":62}},"4":{"start":{"line":23,"column":19},"end":{"line":27,"column":5}},"5":{"start":{"line":28,"column":4},"end":{"line":28,"column":43}},"6":{"start":{"line":31,"column":0},"end":{"line":31,"column":30}},"7":{"start":{"line":32,"column":0},"end":{"line":32,"column":37}}},"fnMap":{"0":{"name":"validateBookmaker","decl":{"start":{"line":22,"column":9},"end":{"line":22,"column":26}},"loc":{"start":{"line":22,"column":38},"end":{"line":29,"column":1}},"line":22}},"branchMap":{},"s":{"0":2,"1":2,"2":2,"3":2,"4":0,"5":0,"6":2,"7":2},"f":{"0":0},"b":{},"_coverageSchema":"43e27e138ebf9cfc5966b082cf9a028302ed4184","hash":"917c6bcbcf8428e40fe686e34aca56088add3459"}
,"D:\\ProjecteBet\\betApi\\models\\sport.js": {"path":"D:\\ProjecteBet\\betApi\\models\\sport.js","statementMap":{"0":{"start":{"line":1,"column":17},"end":{"line":1,"column":36}},"1":{"start":{"line":2,"column":12},"end":{"line":2,"column":26}},"2":{"start":{"line":4,"column":20},"end":{"line":10,"column":2}},"3":{"start":{"line":12,"column":14},"end":{"line":12,"column":50}},"4":{"start":{"line":15,"column":19},"end":{"line":17,"column":5}},"5":{"start":{"line":18,"column":4},"end":{"line":18,"column":39}},"6":{"start":{"line":21,"column":0},"end":{"line":21,"column":22}},"7":{"start":{"line":22,"column":0},"end":{"line":22,"column":33}}},"fnMap":{"0":{"name":"validateSport","decl":{"start":{"line":14,"column":9},"end":{"line":14,"column":22}},"loc":{"start":{"line":14,"column":30},"end":{"line":19,"column":1}},"line":14}},"branchMap":{},"s":{"0":2,"1":2,"2":2,"3":2,"4":11,"5":11,"6":2,"7":2},"f":{"0":11},"b":{},"_coverageSchema":"43e27e138ebf9cfc5966b082cf9a028302ed4184","hash":"59ebe4582d12c490258553caa0cb91245be09dc7"}
,"D:\\ProjecteBet\\betApi\\models\\tipster.js": {"path":"D:\\ProjecteBet\\betApi\\models\\tipster.js","statementMap":{"0":{"start":{"line":1,"column":17},"end":{"line":1,"column":36}},"1":{"start":{"line":2,"column":12},"end":{"line":2,"column":26}},"2":{"start":{"line":4,"column":22},"end":{"line":14,"column":2}},"3":{"start":{"line":16,"column":16},"end":{"line":16,"column":56}},"4":{"start":{"line":19,"column":19},"end":{"line":22,"column":5}},"5":{"start":{"line":23,"column":4},"end":{"line":23,"column":41}},"6":{"start":{"line":26,"column":0},"end":{"line":26,"column":26}},"7":{"start":{"line":27,"column":0},"end":{"line":27,"column":35}}},"fnMap":{"0":{"name":"validateTipster","decl":{"start":{"line":18,"column":9},"end":{"line":18,"column":24}},"loc":{"start":{"line":18,"column":34},"end":{"line":24,"column":1}},"line":18}},"branchMap":{},"s":{"0":2,"1":2,"2":2,"3":2,"4":0,"5":0,"6":2,"7":2},"f":{"0":0},"b":{},"_coverageSchema":"43e27e138ebf9cfc5966b082cf9a028302ed4184","hash":"14bc4958612776916e9a92496f6b70c6b35f0e7d"}
,"D:\\ProjecteBet\\betApi\\models\\user.js": {"path":"D:\\ProjecteBet\\betApi\\models\\user.js","statementMap":{"0":{"start":{"line":1,"column":15},"end":{"line":1,"column":32}},"1":{"start":{"line":2,"column":12},"end":{"line":2,"column":35}},"2":{"start":{"line":3,"column":12},"end":{"line":3,"column":26}},"3":{"start":{"line":4,"column":17},"end":{"line":4,"column":36}},"4":{"start":{"line":6,"column":19},"end":{"line":27,"column":2}},"5":{"start":{"line":29,"column":0},"end":{"line":35,"column":1}},"6":{"start":{"line":30,"column":18},"end":{"line":33,"column":35}},"7":{"start":{"line":34,"column":4},"end":{"line":34,"column":17}},"8":{"start":{"line":37,"column":13},"end":{"line":37,"column":47}},"9":{"start":{"line":40,"column":19},"end":{"line":44,"column":5}},"10":{"start":{"line":46,"column":4},"end":{"line":46,"column":38}},"11":{"start":{"line":49,"column":0},"end":{"line":49,"column":20}},"12":{"start":{"line":50,"column":0},"end":{"line":50,"column":32}}},"fnMap":{"0":{"name":"(anonymous_0)","decl":{"start":{"line":29,"column":39},"end":{"line":29,"column":40}},"loc":{"start":{"line":29,"column":51},"end":{"line":35,"column":1}},"line":29},"1":{"name":"validateUser","decl":{"start":{"line":39,"column":9},"end":{"line":39,"column":21}},"loc":{"start":{"line":39,"column":28},"end":{"line":47,"column":1}},"line":39}},"branchMap":{},"s":{"0":3,"1":3,"2":3,"3":3,"4":3,"5":3,"6":22,"7":22,"8":3,"9":0,"10":0,"11":3,"12":3},"f":{"0":22,"1":0},"b":{},"_coverageSchema":"43e27e138ebf9cfc5966b082cf9a028302ed4184","hash":"b093a647ac9b555f212459ed6b822a4f68b2582f"}
,"D:\\ProjecteBet\\betApi\\models\\winType.js": {"path":"D:\\ProjecteBet\\betApi\\models\\winType.js","statementMap":{"0":{"start":{"line":1,"column":17},"end":{"line":1,"column":36}},"1":{"start":{"line":2,"column":12},"end":{"line":2,"column":26}},"2":{"start":{"line":4,"column":22},"end":{"line":16,"column":2}},"3":{"start":{"line":18,"column":16},"end":{"line":18,"column":56}},"4":{"start":{"line":21,"column":19},"end":{"line":24,"column":5}},"5":{"start":{"line":25,"column":4},"end":{"line":25,"column":41}},"6":{"start":{"line":28,"column":0},"end":{"line":28,"column":26}},"7":{"start":{"line":29,"column":0},"end":{"line":29,"column":35}}},"fnMap":{"0":{"name":"validateWinType","decl":{"start":{"line":20,"column":9},"end":{"line":20,"column":24}},"loc":{"start":{"line":20,"column":34},"end":{"line":26,"column":1}},"line":20}},"branchMap":{},"s":{"0":2,"1":2,"2":2,"3":2,"4":0,"5":0,"6":2,"7":2},"f":{"0":0},"b":{},"_coverageSchema":"43e27e138ebf9cfc5966b082cf9a028302ed4184","hash":"0d4a09d95c07bc5b78146bdf0e914126baa523d1"}
,"D:\\ProjecteBet\\betApi\\routes\\auth.js": {"path":"D:\\ProjecteBet\\betApi\\routes\\auth.js","statementMap":{"0":{"start":{"line":1,"column":12},"end":{"line":1,"column":26}},"1":{"start":{"line":2,"column":15},"end":{"line":2,"column":32}},"2":{"start":{"line":5,"column":4},"end":{"line":5,"column":29}},"3":{"start":{"line":6,"column":16},"end":{"line":6,"column":34}},"4":{"start":{"line":7,"column":15},"end":{"line":7,"column":31}},"5":{"start":{"line":12,"column":0},"end":{"line":28,"column":3}},"6":{"start":{"line":15,"column":6},"end":{"line":15,"column":24}},"7":{"start":{"line":16,"column":2},"end":{"line":16,"column":67}},"8":{"start":{"line":16,"column":13},"end":{"line":16,"column":67}},"9":{"start":{"line":18,"column":13},"end":{"line":20,"column":4}},"10":{"start":{"line":21,"column":2},"end":{"line":21,"column":70}},"11":{"start":{"line":21,"column":13},"end":{"line":21,"column":70}},"12":{"start":{"line":23,"column":24},"end":{"line":23,"column":78}},"13":{"start":{"line":24,"column":2},"end":{"line":24,"column":79}},"14":{"start":{"line":24,"column":22},"end":{"line":24,"column":79}},"15":{"start":{"line":26,"column":16},"end":{"line":26,"column":40}},"16":{"start":{"line":27,"column":2},"end":{"line":27,"column":18}},"17":{"start":{"line":31,"column":17},"end":{"line":34,"column":3}},"18":{"start":{"line":36,"column":2},"end":{"line":36,"column":35}},"19":{"start":{"line":39,"column":0},"end":{"line":39,"column":24}}},"fnMap":{"0":{"name":"(anonymous_0)","decl":{"start":{"line":12,"column":17},"end":{"line":12,"column":18}},"loc":{"start":{"line":12,"column":37},"end":{"line":28,"column":1}},"line":12},"1":{"name":"validate","decl":{"start":{"line":30,"column":9},"end":{"line":30,"column":17}},"loc":{"start":{"line":30,"column":23},"end":{"line":37,"column":1}},"line":30}},"branchMap":{"0":{"loc":{"start":{"line":16,"column":2},"end":{"line":16,"column":67}},"type":"if","locations":[{"start":{"line":16,"column":2},"end":{"line":16,"column":67}},{"start":{"line":16,"column":2},"end":{"line":16,"column":67}}],"line":16},"1":{"loc":{"start":{"line":21,"column":2},"end":{"line":21,"column":70}},"type":"if","locations":[{"start":{"line":21,"column":2},"end":{"line":21,"column":70}},{"start":{"line":21,"column":2},"end":{"line":21,"column":70}}],"line":21},"2":{"loc":{"start":{"line":24,"column":2},"end":{"line":24,"column":79}},"type":"if","locations":[{"start":{"line":24,"column":2},"end":{"line":24,"column":79}},{"start":{"line":24,"column":2},"end":{"line":24,"column":79}}],"line":24}},"s":{"0":2,"1":2,"2":2,"3":2,"4":2,"5":2,"6":0,"7":0,"8":0,"9":0,"10":0,"11":0,"12":0,"13":0,"14":0,"15":0,"16":0,"17":0,"18":0,"19":2},"f":{"0":0,"1":0},"b":{"0":[0,0],"1":[0,0],"2":[0,0]},"_coverageSchema":"43e27e138ebf9cfc5966b082cf9a028302ed4184","hash":"e7f5969ac4baff19fe57e748a89493e55523a9ee"}
,"D:\\ProjecteBet\\betApi\\routes\\betTypes.js": {"path":"D:\\ProjecteBet\\betApi\\routes\\betTypes.js","statementMap":{"0":{"start":{"line":1,"column":25},"end":{"line":1,"column":75}},"1":{"start":{"line":2,"column":24},"end":{"line":2,"column":73}},"2":{"start":{"line":6,"column":4},"end":{"line":6,"column":32}},"3":{"start":{"line":7,"column":16},"end":{"line":7,"column":34}},"4":{"start":{"line":8,"column":15},"end":{"line":8,"column":31}},"5":{"start":{"line":9,"column":13},"end":{"line":9,"column":42}},"6":{"start":{"line":14,"column":0},"end":{"line":17,"column":3}},"7":{"start":{"line":15,"column":21},"end":{"line":15,"column":54}},"8":{"start":{"line":16,"column":4},"end":{"line":16,"column":23}},"9":{"start":{"line":22,"column":0},"end":{"line":35,"column":3}},"10":{"start":{"line":25,"column":8},"end":{"line":25,"column":26}},"11":{"start":{"line":26,"column":4},"end":{"line":26,"column":69}},"12":{"start":{"line":26,"column":15},"end":{"line":26,"column":69}},"13":{"start":{"line":28,"column":18},"end":{"line":31,"column":6}},"14":{"start":{"line":32,"column":4},"end":{"line":32,"column":35}},"15":{"start":{"line":34,"column":4},"end":{"line":34,"column":22}},"16":{"start":{"line":42,"column":0},"end":{"line":58,"column":3}},"17":{"start":{"line":45,"column":8},"end":{"line":45,"column":26}},"18":{"start":{"line":46,"column":4},"end":{"line":46,"column":69}},"19":{"start":{"line":46,"column":15},"end":{"line":46,"column":69}},"20":{"start":{"line":48,"column":20},"end":{"line":53,"column":6}},"21":{"start":{"line":55,"column":4},"end":{"line":55,"column":94}},"22":{"start":{"line":55,"column":18},"end":{"line":55,"column":94}},"23":{"start":{"line":57,"column":4},"end":{"line":57,"column":22}},"24":{"start":{"line":65,"column":0},"end":{"line":71,"column":3}},"25":{"start":{"line":66,"column":20},"end":{"line":66,"column":66}},"26":{"start":{"line":68,"column":4},"end":{"line":68,"column":94}},"27":{"start":{"line":68,"column":18},"end":{"line":68,"column":94}},"28":{"start":{"line":70,"column":4},"end":{"line":70,"column":22}},"29":{"start":{"line":78,"column":0},"end":{"line":84,"column":3}},"30":{"start":{"line":79,"column":20},"end":{"line":79,"column":57}},"31":{"start":{"line":81,"column":4},"end":{"line":81,"column":94}},"32":{"start":{"line":81,"column":18},"end":{"line":81,"column":94}},"33":{"start":{"line":83,"column":4},"end":{"line":83,"column":22}},"34":{"start":{"line":91,"column":0},"end":{"line":99,"column":3}},"35":{"start":{"line":92,"column":21},"end":{"line":94,"column":6}},"36":{"start":{"line":96,"column":4},"end":{"line":96,"column":126}},"37":{"start":{"line":96,"column":44},"end":{"line":96,"column":126}},"38":{"start":{"line":98,"column":4},"end":{"line":98,"column":23}},"39":{"start":{"line":106,"column":0},"end":{"line":114,"column":3}},"40":{"start":{"line":107,"column":21},"end":{"line":109,"column":6}},"41":{"start":{"line":111,"column":4},"end":{"line":111,"column":126}},"42":{"start":{"line":111,"column":44},"end":{"line":111,"column":126}},"43":{"start":{"line":113,"column":4},"end":{"line":113,"column":23}},"44":{"start":{"line":116,"column":0},"end":{"line":116,"column":24}}},"fnMap":{"0":{"name":"(anonymous_0)","decl":{"start":{"line":14,"column":16},"end":{"line":14,"column":17}},"loc":{"start":{"line":14,"column":36},"end":{"line":17,"column":1}},"line":14},"1":{"name":"(anonymous_1)","decl":{"start":{"line":22,"column":42},"end":{"line":22,"column":43}},"loc":{"start":{"line":22,"column":62},"end":{"line":35,"column":1}},"line":22},"2":{"name":"(anonymous_2)","decl":{"start":{"line":42,"column":62},"end":{"line":42,"column":63}},"loc":{"start":{"line":42,"column":82},"end":{"line":58,"column":1}},"line":42},"3":{"name":"(anonymous_3)","decl":{"start":{"line":65,"column":48},"end":{"line":65,"column":49}},"loc":{"start":{"line":65,"column":68},"end":{"line":71,"column":1}},"line":65},"4":{"name":"(anonymous_4)","decl":{"start":{"line":78,"column":45},"end":{"line":78,"column":46}},"loc":{"start":{"line":78,"column":65},"end":{"line":84,"column":1}},"line":78},"5":{"name":"(anonymous_5)","decl":{"start":{"line":91,"column":32},"end":{"line":91,"column":33}},"loc":{"start":{"line":91,"column":52},"end":{"line":99,"column":1}},"line":91},"6":{"name":"(anonymous_6)","decl":{"start":{"line":106,"column":43},"end":{"line":106,"column":44}},"loc":{"start":{"line":106,"column":63},"end":{"line":114,"column":1}},"line":106}},"branchMap":{"0":{"loc":{"start":{"line":26,"column":4},"end":{"line":26,"column":69}},"type":"if","locations":[{"start":{"line":26,"column":4},"end":{"line":26,"column":69}},{"start":{"line":26,"column":4},"end":{"line":26,"column":69}}],"line":26},"1":{"loc":{"start":{"line":46,"column":4},"end":{"line":46,"column":69}},"type":"if","locations":[{"start":{"line":46,"column":4},"end":{"line":46,"column":69}},{"start":{"line":46,"column":4},"end":{"line":46,"column":69}}],"line":46},"2":{"loc":{"start":{"line":55,"column":4},"end":{"line":55,"column":94}},"type":"if","locations":[{"start":{"line":55,"column":4},"end":{"line":55,"column":94}},{"start":{"line":55,"column":4},"end":{"line":55,"column":94}}],"line":55},"3":{"loc":{"start":{"line":68,"column":4},"end":{"line":68,"column":94}},"type":"if","locations":[{"start":{"line":68,"column":4},"end":{"line":68,"column":94}},{"start":{"line":68,"column":4},"end":{"line":68,"column":94}}],"line":68},"4":{"loc":{"start":{"line":81,"column":4},"end":{"line":81,"column":94}},"type":"if","locations":[{"start":{"line":81,"column":4},"end":{"line":81,"column":94}},{"start":{"line":81,"column":4},"end":{"line":81,"column":94}}],"line":81},"5":{"loc":{"start":{"line":96,"column":4},"end":{"line":96,"column":126}},"type":"if","locations":[{"start":{"line":96,"column":4},"end":{"line":96,"column":126}},{"start":{"line":96,"column":4},"end":{"line":96,"column":126}}],"line":96},"6":{"loc":{"start":{"line":96,"column":8},"end":{"line":96,"column":42}},"type":"binary-expr","locations":[{"start":{"line":96,"column":8},"end":{"line":96,"column":17}},{"start":{"line":96,"column":21},"end":{"line":96,"column":42}}],"line":96},"7":{"loc":{"start":{"line":111,"column":4},"end":{"line":111,"column":126}},"type":"if","locations":[{"start":{"line":111,"column":4},"end":{"line":111,"column":126}},{"start":{"line":111,"column":4},"end":{"line":111,"column":126}}],"line":111},"8":{"loc":{"start":{"line":111,"column":8},"end":{"line":111,"column":42}},"type":"binary-expr","locations":[{"start":{"line":111,"column":8},"end":{"line":111,"column":17}},{"start":{"line":111,"column":21},"end":{"line":111,"column":42}}],"line":111}},"s":{"0":2,"1":2,"2":2,"3":2,"4":2,"5":2,"6":2,"7":0,"8":0,"9":2,"10":0,"11":0,"12":0,"13":0,"14":0,"15":0,"16":2,"17":0,"18":0,"19":0,"20":0,"21":0,"22":0,"23":0,"24":2,"25":0,"26":0,"27":0,"28":0,"29":2,"30":0,"31":0,"32":0,"33":0,"34":2,"35":0,"36":0,"37":0,"38":0,"39":2,"40":0,"41":0,"42":0,"43":0,"44":2},"f":{"0":0,"1":0,"2":0,"3":0,"4":0,"5":0,"6":0},"b":{"0":[0,0],"1":[0,0],"2":[0,0],"3":[0,0],"4":[0,0],"5":[0,0],"6":[0,0],"7":[0,0],"8":[0,0]},"_coverageSchema":"43e27e138ebf9cfc5966b082cf9a028302ed4184","hash":"29c1520a24798fa005f9431dc33bbde025417b5f"}
,"D:\\ProjecteBet\\betApi\\routes\\bets.js": {"path":"D:\\ProjecteBet\\betApi\\routes\\bets.js","statementMap":{"0":{"start":{"line":1,"column":25},"end":{"line":1,"column":75}},"1":{"start":{"line":2,"column":23},"end":{"line":2,"column":71}},"2":{"start":{"line":3,"column":28},"end":{"line":3,"column":81}},"3":{"start":{"line":7,"column":4},"end":{"line":7,"column":28}},"4":{"start":{"line":8,"column":16},"end":{"line":8,"column":34}},"5":{"start":{"line":9,"column":15},"end":{"line":9,"column":31}},"6":{"start":{"line":10,"column":13},"end":{"line":10,"column":42}},"7":{"start":{"line":19,"column":0},"end":{"line":24,"column":3}},"8":{"start":{"line":20,"column":17},"end":{"line":22,"column":19}},"9":{"start":{"line":23,"column":4},"end":{"line":23,"column":19}},"10":{"start":{"line":30,"column":0},"end":{"line":59,"column":3}},"11":{"start":{"line":33,"column":8},"end":{"line":33,"column":26}},"12":{"start":{"line":34,"column":4},"end":{"line":34,"column":69}},"13":{"start":{"line":34,"column":15},"end":{"line":34,"column":69}},"14":{"start":{"line":36,"column":14},"end":{"line":55,"column":6}},"15":{"start":{"line":56,"column":4},"end":{"line":56,"column":27}},"16":{"start":{"line":58,"column":4},"end":{"line":58,"column":18}},"17":{"start":{"line":66,"column":0},"end":{"line":98,"column":3}},"18":{"start":{"line":69,"column":8},"end":{"line":69,"column":26}},"19":{"start":{"line":70,"column":4},"end":{"line":70,"column":69}},"20":{"start":{"line":70,"column":15},"end":{"line":70,"column":69}},"21":{"start":{"line":72,"column":16},"end":{"line":93,"column":6}},"22":{"start":{"line":95,"column":4},"end":{"line":95,"column":86}},"23":{"start":{"line":95,"column":14},"end":{"line":95,"column":86}},"24":{"start":{"line":97,"column":4},"end":{"line":97,"column":18}},"25":{"start":{"line":105,"column":0},"end":{"line":111,"column":3}},"26":{"start":{"line":106,"column":16},"end":{"line":106,"column":58}},"27":{"start":{"line":108,"column":4},"end":{"line":108,"column":86}},"28":{"start":{"line":108,"column":14},"end":{"line":108,"column":86}},"29":{"start":{"line":110,"column":4},"end":{"line":110,"column":18}},"30":{"start":{"line":118,"column":0},"end":{"line":124,"column":3}},"31":{"start":{"line":119,"column":16},"end":{"line":119,"column":49}},"32":{"start":{"line":121,"column":4},"end":{"line":121,"column":86}},"33":{"start":{"line":121,"column":14},"end":{"line":121,"column":86}},"34":{"start":{"line":123,"column":4},"end":{"line":123,"column":18}},"35":{"start":{"line":131,"column":0},"end":{"line":139,"column":3}},"36":{"start":{"line":132,"column":17},"end":{"line":134,"column":19}},"37":{"start":{"line":136,"column":4},"end":{"line":136,"column":116}},"38":{"start":{"line":136,"column":36},"end":{"line":136,"column":116}},"39":{"start":{"line":138,"column":4},"end":{"line":138,"column":19}},"40":{"start":{"line":141,"column":0},"end":{"line":141,"column":24}}},"fnMap":{"0":{"name":"(anonymous_0)","decl":{"start":{"line":19,"column":37},"end":{"line":19,"column":38}},"loc":{"start":{"line":19,"column":57},"end":{"line":24,"column":1}},"line":19},"1":{"name":"(anonymous_1)","decl":{"start":{"line":30,"column":62},"end":{"line":30,"column":63}},"loc":{"start":{"line":30,"column":82},"end":{"line":59,"column":1}},"line":30},"2":{"name":"(anonymous_2)","decl":{"start":{"line":66,"column":82},"end":{"line":66,"column":83}},"loc":{"start":{"line":66,"column":102},"end":{"line":98,"column":1}},"line":66},"3":{"name":"(anonymous_3)","decl":{"start":{"line":105,"column":48},"end":{"line":105,"column":49}},"loc":{"start":{"line":105,"column":68},"end":{"line":111,"column":1}},"line":105},"4":{"name":"(anonymous_4)","decl":{"start":{"line":118,"column":49},"end":{"line":118,"column":50}},"loc":{"start":{"line":118,"column":69},"end":{"line":124,"column":1}},"line":118},"5":{"name":"(anonymous_5)","decl":{"start":{"line":131,"column":47},"end":{"line":131,"column":48}},"loc":{"start":{"line":131,"column":67},"end":{"line":139,"column":1}},"line":131}},"branchMap":{"0":{"loc":{"start":{"line":34,"column":4},"end":{"line":34,"column":69}},"type":"if","locations":[{"start":{"line":34,"column":4},"end":{"line":34,"column":69}},{"start":{"line":34,"column":4},"end":{"line":34,"column":69}}],"line":34},"1":{"loc":{"start":{"line":70,"column":4},"end":{"line":70,"column":69}},"type":"if","locations":[{"start":{"line":70,"column":4},"end":{"line":70,"column":69}},{"start":{"line":70,"column":4},"end":{"line":70,"column":69}}],"line":70},"2":{"loc":{"start":{"line":95,"column":4},"end":{"line":95,"column":86}},"type":"if","locations":[{"start":{"line":95,"column":4},"end":{"line":95,"column":86}},{"start":{"line":95,"column":4},"end":{"line":95,"column":86}}],"line":95},"3":{"loc":{"start":{"line":108,"column":4},"end":{"line":108,"column":86}},"type":"if","locations":[{"start":{"line":108,"column":4},"end":{"line":108,"column":86}},{"start":{"line":108,"column":4},"end":{"line":108,"column":86}}],"line":108},"4":{"loc":{"start":{"line":121,"column":4},"end":{"line":121,"column":86}},"type":"if","locations":[{"start":{"line":121,"column":4},"end":{"line":121,"column":86}},{"start":{"line":121,"column":4},"end":{"line":121,"column":86}}],"line":121},"5":{"loc":{"start":{"line":136,"column":4},"end":{"line":136,"column":116}},"type":"if","locations":[{"start":{"line":136,"column":4},"end":{"line":136,"column":116}},{"start":{"line":136,"column":4},"end":{"line":136,"column":116}}],"line":136},"6":{"loc":{"start":{"line":136,"column":8},"end":{"line":136,"column":34}},"type":"binary-expr","locations":[{"start":{"line":136,"column":8},"end":{"line":136,"column":13}},{"start":{"line":136,"column":17},"end":{"line":136,"column":34}}],"line":136}},"s":{"0":2,"1":2,"2":2,"3":2,"4":2,"5":2,"6":2,"7":2,"8":0,"9":0,"10":2,"11":0,"12":0,"13":0,"14":0,"15":0,"16":0,"17":2,"18":0,"19":0,"20":0,"21":0,"22":0,"23":0,"24":0,"25":2,"26":0,"27":0,"28":0,"29":0,"30":2,"31":0,"32":0,"33":0,"34":0,"35":2,"36":0,"37":0,"38":0,"39":0,"40":2},"f":{"0":0,"1":0,"2":0,"3":0,"4":0,"5":0},"b":{"0":[0,0],"1":[0,0],"2":[0,0],"3":[0,0],"4":[0,0],"5":[0,0],"6":[0,0]},"_coverageSchema":"43e27e138ebf9cfc5966b082cf9a028302ed4184","hash":"9a4b903497bb556d03a9b76fbfa8d3da6aec2e69"}
,"D:\\ProjecteBet\\betApi\\routes\\bookmakers.js": {"path":"D:\\ProjecteBet\\betApi\\routes\\bookmakers.js","statementMap":{"0":{"start":{"line":1,"column":25},"end":{"line":1,"column":75}},"1":{"start":{"line":2,"column":23},"end":{"line":2,"column":71}},"2":{"start":{"line":6,"column":4},"end":{"line":6,"column":34}},"3":{"start":{"line":7,"column":16},"end":{"line":7,"column":34}},"4":{"start":{"line":8,"column":15},"end":{"line":8,"column":31}},"5":{"start":{"line":9,"column":13},"end":{"line":9,"column":42}},"6":{"start":{"line":15,"column":0},"end":{"line":18,"column":3}},"7":{"start":{"line":16,"column":23},"end":{"line":16,"column":58}},"8":{"start":{"line":17,"column":4},"end":{"line":17,"column":25}},"9":{"start":{"line":23,"column":0},"end":{"line":37,"column":3}},"10":{"start":{"line":26,"column":8},"end":{"line":26,"column":26}},"11":{"start":{"line":27,"column":4},"end":{"line":27,"column":69}},"12":{"start":{"line":27,"column":15},"end":{"line":27,"column":69}},"13":{"start":{"line":29,"column":20},"end":{"line":33,"column":6}},"14":{"start":{"line":34,"column":4},"end":{"line":34,"column":39}},"15":{"start":{"line":36,"column":4},"end":{"line":36,"column":24}},"16":{"start":{"line":44,"column":0},"end":{"line":61,"column":3}},"17":{"start":{"line":47,"column":8},"end":{"line":47,"column":26}},"18":{"start":{"line":48,"column":4},"end":{"line":48,"column":69}},"19":{"start":{"line":48,"column":15},"end":{"line":48,"column":69}},"20":{"start":{"line":50,"column":22},"end":{"line":56,"column":6}},"21":{"start":{"line":58,"column":4},"end":{"line":58,"column":98}},"22":{"start":{"line":58,"column":20},"end":{"line":58,"column":98}},"23":{"start":{"line":60,"column":4},"end":{"line":60,"column":24}},"24":{"start":{"line":68,"column":0},"end":{"line":74,"column":3}},"25":{"start":{"line":69,"column":22},"end":{"line":69,"column":70}},"26":{"start":{"line":71,"column":4},"end":{"line":71,"column":98}},"27":{"start":{"line":71,"column":20},"end":{"line":71,"column":98}},"28":{"start":{"line":73,"column":4},"end":{"line":73,"column":24}},"29":{"start":{"line":79,"column":0},"end":{"line":85,"column":3}},"30":{"start":{"line":80,"column":22},"end":{"line":80,"column":61}},"31":{"start":{"line":82,"column":4},"end":{"line":82,"column":98}},"32":{"start":{"line":82,"column":20},"end":{"line":82,"column":98}},"33":{"start":{"line":84,"column":4},"end":{"line":84,"column":24}},"34":{"start":{"line":93,"column":0},"end":{"line":101,"column":3}},"35":{"start":{"line":94,"column":22},"end":{"line":96,"column":6}},"36":{"start":{"line":98,"column":4},"end":{"line":98,"column":126}},"37":{"start":{"line":98,"column":46},"end":{"line":98,"column":126}},"38":{"start":{"line":100,"column":4},"end":{"line":100,"column":24}},"39":{"start":{"line":108,"column":0},"end":{"line":116,"column":3}},"40":{"start":{"line":109,"column":23},"end":{"line":111,"column":6}},"41":{"start":{"line":113,"column":4},"end":{"line":113,"column":129}},"42":{"start":{"line":113,"column":48},"end":{"line":113,"column":129}},"43":{"start":{"line":115,"column":4},"end":{"line":115,"column":25}},"44":{"start":{"line":118,"column":0},"end":{"line":118,"column":24}}},"fnMap":{"0":{"name":"(anonymous_0)","decl":{"start":{"line":15,"column":16},"end":{"line":15,"column":17}},"loc":{"start":{"line":15,"column":36},"end":{"line":18,"column":1}},"line":15},"1":{"name":"(anonymous_1)","decl":{"start":{"line":23,"column":41},"end":{"line":23,"column":42}},"loc":{"start":{"line":23,"column":61},"end":{"line":37,"column":1}},"line":23},"2":{"name":"(anonymous_2)","decl":{"start":{"line":44,"column":61},"end":{"line":44,"column":62}},"loc":{"start":{"line":44,"column":81},"end":{"line":61,"column":1}},"line":44},"3":{"name":"(anonymous_3)","decl":{"start":{"line":68,"column":48},"end":{"line":68,"column":49}},"loc":{"start":{"line":68,"column":68},"end":{"line":74,"column":1}},"line":68},"4":{"name":"(anonymous_4)","decl":{"start":{"line":79,"column":45},"end":{"line":79,"column":46}},"loc":{"start":{"line":79,"column":65},"end":{"line":85,"column":1}},"line":79},"5":{"name":"(anonymous_5)","decl":{"start":{"line":93,"column":36},"end":{"line":93,"column":37}},"loc":{"start":{"line":93,"column":56},"end":{"line":101,"column":1}},"line":93},"6":{"name":"(anonymous_6)","decl":{"start":{"line":108,"column":42},"end":{"line":108,"column":43}},"loc":{"start":{"line":108,"column":62},"end":{"line":116,"column":1}},"line":108}},"branchMap":{"0":{"loc":{"start":{"line":27,"column":4},"end":{"line":27,"column":69}},"type":"if","locations":[{"start":{"line":27,"column":4},"end":{"line":27,"column":69}},{"start":{"line":27,"column":4},"end":{"line":27,"column":69}}],"line":27},"1":{"loc":{"start":{"line":48,"column":4},"end":{"line":48,"column":69}},"type":"if","locations":[{"start":{"line":48,"column":4},"end":{"line":48,"column":69}},{"start":{"line":48,"column":4},"end":{"line":48,"column":69}}],"line":48},"2":{"loc":{"start":{"line":58,"column":4},"end":{"line":58,"column":98}},"type":"if","locations":[{"start":{"line":58,"column":4},"end":{"line":58,"column":98}},{"start":{"line":58,"column":4},"end":{"line":58,"column":98}}],"line":58},"3":{"loc":{"start":{"line":71,"column":4},"end":{"line":71,"column":98}},"type":"if","locations":[{"start":{"line":71,"column":4},"end":{"line":71,"column":98}},{"start":{"line":71,"column":4},"end":{"line":71,"column":98}}],"line":71},"4":{"loc":{"start":{"line":82,"column":4},"end":{"line":82,"column":98}},"type":"if","locations":[{"start":{"line":82,"column":4},"end":{"line":82,"column":98}},{"start":{"line":82,"column":4},"end":{"line":82,"column":98}}],"line":82},"5":{"loc":{"start":{"line":98,"column":4},"end":{"line":98,"column":126}},"type":"if","locations":[{"start":{"line":98,"column":4},"end":{"line":98,"column":126}},{"start":{"line":98,"column":4},"end":{"line":98,"column":126}}],"line":98},"6":{"loc":{"start":{"line":98,"column":8},"end":{"line":98,"column":44}},"type":"binary-expr","locations":[{"start":{"line":98,"column":8},"end":{"line":98,"column":18}},{"start":{"line":98,"column":22},"end":{"line":98,"column":44}}],"line":98},"7":{"loc":{"start":{"line":113,"column":4},"end":{"line":113,"column":129}},"type":"if","locations":[{"start":{"line":113,"column":4},"end":{"line":113,"column":129}},{"start":{"line":113,"column":4},"end":{"line":113,"column":129}}],"line":113},"8":{"loc":{"start":{"line":113,"column":8},"end":{"line":113,"column":46}},"type":"binary-expr","locations":[{"start":{"line":113,"column":8},"end":{"line":113,"column":19}},{"start":{"line":113,"column":23},"end":{"line":113,"column":46}}],"line":113}},"s":{"0":2,"1":2,"2":2,"3":2,"4":2,"5":2,"6":2,"7":0,"8":0,"9":2,"10":0,"11":0,"12":0,"13":0,"14":0,"15":0,"16":2,"17":0,"18":0,"19":0,"20":0,"21":0,"22":0,"23":0,"24":2,"25":0,"26":0,"27":0,"28":0,"29":2,"30":0,"31":0,"32":0,"33":0,"34":2,"35":0,"36":0,"37":0,"38":0,"39":2,"40":0,"41":0,"42":0,"43":0,"44":2},"f":{"0":0,"1":0,"2":0,"3":0,"4":0,"5":0,"6":0},"b":{"0":[0,0],"1":[0,0],"2":[0,0],"3":[0,0],"4":[0,0],"5":[0,0],"6":[0,0],"7":[0,0],"8":[0,0]},"_coverageSchema":"43e27e138ebf9cfc5966b082cf9a028302ed4184","hash":"c8278676e4ca8f6f65ab72846d29cdd85f91b36d"}
,"D:\\ProjecteBet\\betApi\\routes\\sports.js": {"path":"D:\\ProjecteBet\\betApi\\routes\\sports.js","statementMap":{"0":{"start":{"line":1,"column":25},"end":{"line":1,"column":75}},"1":{"start":{"line":5,"column":4},"end":{"line":5,"column":30}},"2":{"start":{"line":6,"column":16},"end":{"line":6,"column":34}},"3":{"start":{"line":7,"column":15},"end":{"line":7,"column":31}},"4":{"start":{"line":8,"column":13},"end":{"line":8,"column":42}},"5":{"start":{"line":13,"column":0},"end":{"line":16,"column":3}},"6":{"start":{"line":14,"column":19},"end":{"line":14,"column":55}},"7":{"start":{"line":15,"column":4},"end":{"line":15,"column":21}},"8":{"start":{"line":21,"column":0},"end":{"line":33,"column":3}},"9":{"start":{"line":24,"column":8},"end":{"line":24,"column":26}},"10":{"start":{"line":25,"column":4},"end":{"line":25,"column":69}},"11":{"start":{"line":25,"column":15},"end":{"line":25,"column":69}},"12":{"start":{"line":27,"column":16},"end":{"line":29,"column":6}},"13":{"start":{"line":30,"column":4},"end":{"line":30,"column":31}},"14":{"start":{"line":32,"column":4},"end":{"line":32,"column":20}},"15":{"start":{"line":40,"column":0},"end":{"line":55,"column":3}},"16":{"start":{"line":43,"column":8},"end":{"line":43,"column":26}},"17":{"start":{"line":44,"column":4},"end":{"line":44,"column":69}},"18":{"start":{"line":44,"column":15},"end":{"line":44,"column":69}},"19":{"start":{"line":46,"column":18},"end":{"line":50,"column":6}},"20":{"start":{"line":52,"column":4},"end":{"line":52,"column":90}},"21":{"start":{"line":52,"column":16},"end":{"line":52,"column":90}},"22":{"start":{"line":54,"column":4},"end":{"line":54,"column":20}},"23":{"start":{"line":62,"column":0},"end":{"line":68,"column":3}},"24":{"start":{"line":63,"column":18},"end":{"line":63,"column":62}},"25":{"start":{"line":65,"column":4},"end":{"line":65,"column":90}},"26":{"start":{"line":65,"column":16},"end":{"line":65,"column":90}},"27":{"start":{"line":67,"column":4},"end":{"line":67,"column":20}},"28":{"start":{"line":75,"column":0},"end":{"line":81,"column":3}},"29":{"start":{"line":76,"column":18},"end":{"line":76,"column":53}},"30":{"start":{"line":78,"column":4},"end":{"line":78,"column":90}},"31":{"start":{"line":78,"column":16},"end":{"line":78,"column":90}},"32":{"start":{"line":80,"column":4},"end":{"line":80,"column":20}},"33":{"start":{"line":88,"column":0},"end":{"line":96,"column":3}},"34":{"start":{"line":89,"column":18},"end":{"line":91,"column":6}},"35":{"start":{"line":93,"column":4},"end":{"line":93,"column":114}},"36":{"start":{"line":93,"column":38},"end":{"line":93,"column":114}},"37":{"start":{"line":95,"column":4},"end":{"line":95,"column":20}},"38":{"start":{"line":98,"column":0},"end":{"line":98,"column":24}}},"fnMap":{"0":{"name":"(anonymous_0)","decl":{"start":{"line":13,"column":16},"end":{"line":13,"column":17}},"loc":{"start":{"line":13,"column":36},"end":{"line":16,"column":1}},"line":13},"1":{"name":"(anonymous_1)","decl":{"start":{"line":21,"column":23},"end":{"line":21,"column":24}},"loc":{"start":{"line":21,"column":43},"end":{"line":33,"column":1}},"line":21},"2":{"name":"(anonymous_2)","decl":{"start":{"line":40,"column":45},"end":{"line":40,"column":46}},"loc":{"start":{"line":40,"column":65},"end":{"line":55,"column":1}},"line":40},"3":{"name":"(anonymous_3)","decl":{"start":{"line":62,"column":48},"end":{"line":62,"column":49}},"loc":{"start":{"line":62,"column":68},"end":{"line":68,"column":1}},"line":62},"4":{"name":"(anonymous_4)","decl":{"start":{"line":75,"column":45},"end":{"line":75,"column":46}},"loc":{"start":{"line":75,"column":65},"end":{"line":81,"column":1}},"line":75},"5":{"name":"(anonymous_5)","decl":{"start":{"line":88,"column":32},"end":{"line":88,"column":33}},"loc":{"start":{"line":88,"column":52},"end":{"line":96,"column":1}},"line":88}},"branchMap":{"0":{"loc":{"start":{"line":25,"column":4},"end":{"line":25,"column":69}},"type":"if","locations":[{"start":{"line":25,"column":4},"end":{"line":25,"column":69}},{"start":{"line":25,"column":4},"end":{"line":25,"column":69}}],"line":25},"1":{"loc":{"start":{"line":44,"column":4},"end":{"line":44,"column":69}},"type":"if","locations":[{"start":{"line":44,"column":4},"end":{"line":44,"column":69}},{"start":{"line":44,"column":4},"end":{"line":44,"column":69}}],"line":44},"2":{"loc":{"start":{"line":52,"column":4},"end":{"line":52,"column":90}},"type":"if","locations":[{"start":{"line":52,"column":4},"end":{"line":52,"column":90}},{"start":{"line":52,"column":4},"end":{"line":52,"column":90}}],"line":52},"3":{"loc":{"start":{"line":65,"column":4},"end":{"line":65,"column":90}},"type":"if","locations":[{"start":{"line":65,"column":4},"end":{"line":65,"column":90}},{"start":{"line":65,"column":4},"end":{"line":65,"column":90}}],"line":65},"4":{"loc":{"start":{"line":78,"column":4},"end":{"line":78,"column":90}},"type":"if","locations":[{"start":{"line":78,"column":4},"end":{"line":78,"column":90}},{"start":{"line":78,"column":4},"end":{"line":78,"column":90}}],"line":78},"5":{"loc":{"start":{"line":93,"column":4},"end":{"line":93,"column":114}},"type":"if","locations":[{"start":{"line":93,"column":4},"end":{"line":93,"column":114}},{"start":{"line":93,"column":4},"end":{"line":93,"column":114}}],"line":93},"6":{"loc":{"start":{"line":93,"column":8},"end":{"line":93,"column":36}},"type":"binary-expr","locations":[{"start":{"line":93,"column":8},"end":{"line":93,"column":14}},{"start":{"line":93,"column":18},"end":{"line":93,"column":36}}],"line":93}},"s":{"0":2,"1":2,"2":2,"3":2,"4":2,"5":2,"6":1,"7":1,"8":2,"9":7,"10":7,"11":2,"12":5,"13":5,"14":5,"15":2,"16":4,"17":4,"18":1,"19":3,"20":3,"21":1,"22":2,"23":2,"24":2,"25":2,"26":1,"27":1,"28":2,"29":2,"30":2,"31":1,"32":1,"33":2,"34":2,"35":2,"36":1,"37":1,"38":2},"f":{"0":1,"1":7,"2":4,"3":2,"4":2,"5":2},"b":{"0":[2,5],"1":[1,3],"2":[1,2],"3":[1,1],"4":[1,1],"5":[1,1],"6":[2,2]},"_coverageSchema":"43e27e138ebf9cfc5966b082cf9a028302ed4184","hash":"b9a2c9576e1d4cb6219bb7ef7a2e6f1bb808ec1e"}
,"D:\\ProjecteBet\\betApi\\routes\\tipsters.js": {"path":"D:\\ProjecteBet\\betApi\\routes\\tipsters.js","statementMap":{"0":{"start":{"line":1,"column":25},"end":{"line":1,"column":75}},"1":{"start":{"line":2,"column":23},"end":{"line":2,"column":71}},"2":{"start":{"line":6,"column":4},"end":{"line":6,"column":32}},"3":{"start":{"line":7,"column":16},"end":{"line":7,"column":34}},"4":{"start":{"line":8,"column":15},"end":{"line":8,"column":31}},"5":{"start":{"line":9,"column":13},"end":{"line":9,"column":42}},"6":{"start":{"line":15,"column":0},"end":{"line":18,"column":3}},"7":{"start":{"line":16,"column":21},"end":{"line":16,"column":57}},"8":{"start":{"line":17,"column":4},"end":{"line":17,"column":23}},"9":{"start":{"line":23,"column":0},"end":{"line":36,"column":3}},"10":{"start":{"line":26,"column":8},"end":{"line":26,"column":26}},"11":{"start":{"line":27,"column":4},"end":{"line":27,"column":69}},"12":{"start":{"line":27,"column":15},"end":{"line":27,"column":69}},"13":{"start":{"line":29,"column":18},"end":{"line":32,"column":6}},"14":{"start":{"line":33,"column":4},"end":{"line":33,"column":35}},"15":{"start":{"line":35,"column":4},"end":{"line":35,"column":22}},"16":{"start":{"line":43,"column":0},"end":{"line":59,"column":3}},"17":{"start":{"line":46,"column":8},"end":{"line":46,"column":26}},"18":{"start":{"line":47,"column":4},"end":{"line":47,"column":69}},"19":{"start":{"line":47,"column":15},"end":{"line":47,"column":69}},"20":{"start":{"line":49,"column":20},"end":{"line":54,"column":6}},"21":{"start":{"line":56,"column":4},"end":{"line":56,"column":94}},"22":{"start":{"line":56,"column":18},"end":{"line":56,"column":94}},"23":{"start":{"line":58,"column":4},"end":{"line":58,"column":22}},"24":{"start":{"line":66,"column":0},"end":{"line":72,"column":3}},"25":{"start":{"line":67,"column":20},"end":{"line":67,"column":66}},"26":{"start":{"line":69,"column":4},"end":{"line":69,"column":94}},"27":{"start":{"line":69,"column":18},"end":{"line":69,"column":94}},"28":{"start":{"line":71,"column":4},"end":{"line":71,"column":22}},"29":{"start":{"line":79,"column":0},"end":{"line":85,"column":3}},"30":{"start":{"line":80,"column":20},"end":{"line":80,"column":57}},"31":{"start":{"line":82,"column":4},"end":{"line":82,"column":94}},"32":{"start":{"line":82,"column":18},"end":{"line":82,"column":94}},"33":{"start":{"line":84,"column":4},"end":{"line":84,"column":22}},"34":{"start":{"line":93,"column":0},"end":{"line":101,"column":3}},"35":{"start":{"line":94,"column":20},"end":{"line":96,"column":6}},"36":{"start":{"line":98,"column":4},"end":{"line":98,"column":120}},"37":{"start":{"line":98,"column":42},"end":{"line":98,"column":120}},"38":{"start":{"line":100,"column":4},"end":{"line":100,"column":22}},"39":{"start":{"line":108,"column":0},"end":{"line":116,"column":3}},"40":{"start":{"line":109,"column":21},"end":{"line":111,"column":6}},"41":{"start":{"line":113,"column":4},"end":{"line":113,"column":123}},"42":{"start":{"line":113,"column":44},"end":{"line":113,"column":123}},"43":{"start":{"line":115,"column":4},"end":{"line":115,"column":23}},"44":{"start":{"line":118,"column":0},"end":{"line":118,"column":24}}},"fnMap":{"0":{"name":"(anonymous_0)","decl":{"start":{"line":15,"column":16},"end":{"line":15,"column":17}},"loc":{"start":{"line":15,"column":36},"end":{"line":18,"column":1}},"line":15},"1":{"name":"(anonymous_1)","decl":{"start":{"line":23,"column":41},"end":{"line":23,"column":42}},"loc":{"start":{"line":23,"column":61},"end":{"line":36,"column":1}},"line":23},"2":{"name":"(anonymous_2)","decl":{"start":{"line":43,"column":61},"end":{"line":43,"column":62}},"loc":{"start":{"line":43,"column":81},"end":{"line":59,"column":1}},"line":43},"3":{"name":"(anonymous_3)","decl":{"start":{"line":66,"column":48},"end":{"line":66,"column":49}},"loc":{"start":{"line":66,"column":68},"end":{"line":72,"column":1}},"line":66},"4":{"name":"(anonymous_4)","decl":{"start":{"line":79,"column":45},"end":{"line":79,"column":46}},"loc":{"start":{"line":79,"column":65},"end":{"line":85,"column":1}},"line":79},"5":{"name":"(anonymous_5)","decl":{"start":{"line":93,"column":32},"end":{"line":93,"column":33}},"loc":{"start":{"line":93,"column":52},"end":{"line":101,"column":1}},"line":93},"6":{"name":"(anonymous_6)","decl":{"start":{"line":108,"column":42},"end":{"line":108,"column":43}},"loc":{"start":{"line":108,"column":62},"end":{"line":116,"column":1}},"line":108}},"branchMap":{"0":{"loc":{"start":{"line":27,"column":4},"end":{"line":27,"column":69}},"type":"if","locations":[{"start":{"line":27,"column":4},"end":{"line":27,"column":69}},{"start":{"line":27,"column":4},"end":{"line":27,"column":69}}],"line":27},"1":{"loc":{"start":{"line":47,"column":4},"end":{"line":47,"column":69}},"type":"if","locations":[{"start":{"line":47,"column":4},"end":{"line":47,"column":69}},{"start":{"line":47,"column":4},"end":{"line":47,"column":69}}],"line":47},"2":{"loc":{"start":{"line":56,"column":4},"end":{"line":56,"column":94}},"type":"if","locations":[{"start":{"line":56,"column":4},"end":{"line":56,"column":94}},{"start":{"line":56,"column":4},"end":{"line":56,"column":94}}],"line":56},"3":{"loc":{"start":{"line":69,"column":4},"end":{"line":69,"column":94}},"type":"if","locations":[{"start":{"line":69,"column":4},"end":{"line":69,"column":94}},{"start":{"line":69,"column":4},"end":{"line":69,"column":94}}],"line":69},"4":{"loc":{"start":{"line":82,"column":4},"end":{"line":82,"column":94}},"type":"if","locations":[{"start":{"line":82,"column":4},"end":{"line":82,"column":94}},{"start":{"line":82,"column":4},"end":{"line":82,"column":94}}],"line":82},"5":{"loc":{"start":{"line":98,"column":4},"end":{"line":98,"column":120}},"type":"if","locations":[{"start":{"line":98,"column":4},"end":{"line":98,"column":120}},{"start":{"line":98,"column":4},"end":{"line":98,"column":120}}],"line":98},"6":{"loc":{"start":{"line":98,"column":8},"end":{"line":98,"column":40}},"type":"binary-expr","locations":[{"start":{"line":98,"column":8},"end":{"line":98,"column":16}},{"start":{"line":98,"column":20},"end":{"line":98,"column":40}}],"line":98},"7":{"loc":{"start":{"line":113,"column":4},"end":{"line":113,"column":123}},"type":"if","locations":[{"start":{"line":113,"column":4},"end":{"line":113,"column":123}},{"start":{"line":113,"column":4},"end":{"line":113,"column":123}}],"line":113},"8":{"loc":{"start":{"line":113,"column":8},"end":{"line":113,"column":42}},"type":"binary-expr","locations":[{"start":{"line":113,"column":8},"end":{"line":113,"column":17}},{"start":{"line":113,"column":21},"end":{"line":113,"column":42}}],"line":113}},"s":{"0":2,"1":2,"2":2,"3":2,"4":2,"5":2,"6":2,"7":0,"8":0,"9":2,"10":0,"11":0,"12":0,"13":0,"14":0,"15":0,"16":2,"17":0,"18":0,"19":0,"20":0,"21":0,"22":0,"23":0,"24":2,"25":0,"26":0,"27":0,"28":0,"29":2,"30":0,"31":0,"32":0,"33":0,"34":2,"35":0,"36":0,"37":0,"38":0,"39":2,"40":0,"41":0,"42":0,"43":0,"44":2},"f":{"0":0,"1":0,"2":0,"3":0,"4":0,"5":0,"6":0},"b":{"0":[0,0],"1":[0,0],"2":[0,0],"3":[0,0],"4":[0,0],"5":[0,0],"6":[0,0],"7":[0,0],"8":[0,0]},"_coverageSchema":"43e27e138ebf9cfc5966b082cf9a028302ed4184","hash":"654ee87c8a0c92746811e8e06f2d7a3ccbc0109d"}
,"D:\\ProjecteBet\\betApi\\routes\\users.js": {"path":"D:\\ProjecteBet\\betApi\\routes\\users.js","statementMap":{"0":{"start":{"line":1,"column":13},"end":{"line":1,"column":42}},"1":{"start":{"line":2,"column":15},"end":{"line":2,"column":32}},"2":{"start":{"line":3,"column":10},"end":{"line":3,"column":27}},"3":{"start":{"line":7,"column":4},"end":{"line":7,"column":29}},"4":{"start":{"line":8,"column":16},"end":{"line":8,"column":34}},"5":{"start":{"line":9,"column":15},"end":{"line":9,"column":31}},"6":{"start":{"line":14,"column":0},"end":{"line":17,"column":3}},"7":{"start":{"line":15,"column":15},"end":{"line":15,"column":68}},"8":{"start":{"line":16,"column":2},"end":{"line":16,"column":17}},"9":{"start":{"line":22,"column":0},"end":{"line":40,"column":3}},"10":{"start":{"line":25,"column":6},"end":{"line":25,"column":24}},"11":{"start":{"line":26,"column":2},"end":{"line":26,"column":67}},"12":{"start":{"line":26,"column":13},"end":{"line":26,"column":67}},"13":{"start":{"line":28,"column":13},"end":{"line":30,"column":4}},"14":{"start":{"line":31,"column":2},"end":{"line":31,"column":68}},"15":{"start":{"line":31,"column":12},"end":{"line":31,"column":68}},"16":{"start":{"line":33,"column":2},"end":{"line":33,"column":71}},"17":{"start":{"line":34,"column":15},"end":{"line":34,"column":39}},"18":{"start":{"line":35,"column":2},"end":{"line":35,"column":57}},"19":{"start":{"line":36,"column":2},"end":{"line":36,"column":20}},"20":{"start":{"line":38,"column":16},"end":{"line":38,"column":40}},"21":{"start":{"line":39,"column":2},"end":{"line":39,"column":85}},"22":{"start":{"line":42,"column":0},"end":{"line":42,"column":24}}},"fnMap":{"0":{"name":"(anonymous_0)","decl":{"start":{"line":14,"column":24},"end":{"line":14,"column":25}},"loc":{"start":{"line":14,"column":44},"end":{"line":17,"column":1}},"line":14},"1":{"name":"(anonymous_1)","decl":{"start":{"line":22,"column":17},"end":{"line":22,"column":18}},"loc":{"start":{"line":22,"column":37},"end":{"line":40,"column":1}},"line":22}},"branchMap":{"0":{"loc":{"start":{"line":26,"column":2},"end":{"line":26,"column":67}},"type":"if","locations":[{"start":{"line":26,"column":2},"end":{"line":26,"column":67}},{"start":{"line":26,"column":2},"end":{"line":26,"column":67}}],"line":26},"1":{"loc":{"start":{"line":31,"column":2},"end":{"line":31,"column":68}},"type":"if","locations":[{"start":{"line":31,"column":2},"end":{"line":31,"column":68}},{"start":{"line":31,"column":2},"end":{"line":31,"column":68}}],"line":31}},"s":{"0":2,"1":2,"2":2,"3":2,"4":2,"5":2,"6":2,"7":0,"8":0,"9":2,"10":0,"11":0,"12":0,"13":0,"14":0,"15":0,"16":0,"17":0,"18":0,"19":0,"20":0,"21":0,"22":2},"f":{"0":0,"1":0},"b":{"0":[0,0],"1":[0,0]},"_coverageSchema":"43e27e138ebf9cfc5966b082cf9a028302ed4184","hash":"ab9c5e89f5ed08e3e2b4a4d3a94f96e119cdf10c"}
,"D:\\ProjecteBet\\betApi\\routes\\winTypes.js": {"path":"D:\\ProjecteBet\\betApi\\routes\\winTypes.js","statementMap":{"0":{"start":{"line":1,"column":25},"end":{"line":1,"column":75}},"1":{"start":{"line":5,"column":4},"end":{"line":5,"column":32}},"2":{"start":{"line":6,"column":16},"end":{"line":6,"column":34}},"3":{"start":{"line":7,"column":15},"end":{"line":7,"column":31}},"4":{"start":{"line":8,"column":13},"end":{"line":8,"column":42}},"5":{"start":{"line":13,"column":0},"end":{"line":16,"column":3}},"6":{"start":{"line":14,"column":21},"end":{"line":14,"column":53}},"7":{"start":{"line":15,"column":4},"end":{"line":15,"column":23}},"8":{"start":{"line":21,"column":0},"end":{"line":34,"column":3}},"9":{"start":{"line":24,"column":8},"end":{"line":24,"column":26}},"10":{"start":{"line":25,"column":4},"end":{"line":25,"column":69}},"11":{"start":{"line":25,"column":15},"end":{"line":25,"column":69}},"12":{"start":{"line":27,"column":18},"end":{"line":30,"column":6}},"13":{"start":{"line":31,"column":4},"end":{"line":31,"column":35}},"14":{"start":{"line":33,"column":4},"end":{"line":33,"column":22}},"15":{"start":{"line":41,"column":0},"end":{"line":57,"column":3}},"16":{"start":{"line":44,"column":8},"end":{"line":44,"column":26}},"17":{"start":{"line":45,"column":4},"end":{"line":45,"column":69}},"18":{"start":{"line":45,"column":15},"end":{"line":45,"column":69}},"19":{"start":{"line":47,"column":20},"end":{"line":52,"column":6}},"20":{"start":{"line":54,"column":4},"end":{"line":54,"column":94}},"21":{"start":{"line":54,"column":18},"end":{"line":54,"column":94}},"22":{"start":{"line":56,"column":4},"end":{"line":56,"column":22}},"23":{"start":{"line":64,"column":0},"end":{"line":70,"column":3}},"24":{"start":{"line":65,"column":20},"end":{"line":65,"column":66}},"25":{"start":{"line":67,"column":4},"end":{"line":67,"column":94}},"26":{"start":{"line":67,"column":18},"end":{"line":67,"column":94}},"27":{"start":{"line":69,"column":4},"end":{"line":69,"column":22}},"28":{"start":{"line":77,"column":0},"end":{"line":83,"column":3}},"29":{"start":{"line":78,"column":20},"end":{"line":78,"column":57}},"30":{"start":{"line":80,"column":4},"end":{"line":80,"column":94}},"31":{"start":{"line":80,"column":18},"end":{"line":80,"column":94}},"32":{"start":{"line":82,"column":4},"end":{"line":82,"column":22}},"33":{"start":{"line":90,"column":0},"end":{"line":98,"column":3}},"34":{"start":{"line":91,"column":20},"end":{"line":93,"column":6}},"35":{"start":{"line":95,"column":4},"end":{"line":95,"column":120}},"36":{"start":{"line":95,"column":42},"end":{"line":95,"column":120}},"37":{"start":{"line":97,"column":4},"end":{"line":97,"column":22}},"38":{"start":{"line":100,"column":0},"end":{"line":100,"column":24}}},"fnMap":{"0":{"name":"(anonymous_0)","decl":{"start":{"line":13,"column":16},"end":{"line":13,"column":17}},"loc":{"start":{"line":13,"column":36},"end":{"line":16,"column":1}},"line":13},"1":{"name":"(anonymous_1)","decl":{"start":{"line":21,"column":23},"end":{"line":21,"column":24}},"loc":{"start":{"line":21,"column":43},"end":{"line":34,"column":1}},"line":21},"2":{"name":"(anonymous_2)","decl":{"start":{"line":41,"column":45},"end":{"line":41,"column":46}},"loc":{"start":{"line":41,"column":65},"end":{"line":57,"column":1}},"line":41},"3":{"name":"(anonymous_3)","decl":{"start":{"line":64,"column":48},"end":{"line":64,"column":49}},"loc":{"start":{"line":64,"column":68},"end":{"line":70,"column":1}},"line":64},"4":{"name":"(anonymous_4)","decl":{"start":{"line":77,"column":45},"end":{"line":77,"column":46}},"loc":{"start":{"line":77,"column":65},"end":{"line":83,"column":1}},"line":77},"5":{"name":"(anonymous_5)","decl":{"start":{"line":90,"column":28},"end":{"line":90,"column":29}},"loc":{"start":{"line":90,"column":48},"end":{"line":98,"column":1}},"line":90}},"branchMap":{"0":{"loc":{"start":{"line":25,"column":4},"end":{"line":25,"column":69}},"type":"if","locations":[{"start":{"line":25,"column":4},"end":{"line":25,"column":69}},{"start":{"line":25,"column":4},"end":{"line":25,"column":69}}],"line":25},"1":{"loc":{"start":{"line":45,"column":4},"end":{"line":45,"column":69}},"type":"if","locations":[{"start":{"line":45,"column":4},"end":{"line":45,"column":69}},{"start":{"line":45,"column":4},"end":{"line":45,"column":69}}],"line":45},"2":{"loc":{"start":{"line":54,"column":4},"end":{"line":54,"column":94}},"type":"if","locations":[{"start":{"line":54,"column":4},"end":{"line":54,"column":94}},{"start":{"line":54,"column":4},"end":{"line":54,"column":94}}],"line":54},"3":{"loc":{"start":{"line":67,"column":4},"end":{"line":67,"column":94}},"type":"if","locations":[{"start":{"line":67,"column":4},"end":{"line":67,"column":94}},{"start":{"line":67,"column":4},"end":{"line":67,"column":94}}],"line":67},"4":{"loc":{"start":{"line":80,"column":4},"end":{"line":80,"column":94}},"type":"if","locations":[{"start":{"line":80,"column":4},"end":{"line":80,"column":94}},{"start":{"line":80,"column":4},"end":{"line":80,"column":94}}],"line":80},"5":{"loc":{"start":{"line":95,"column":4},"end":{"line":95,"column":120}},"type":"if","locations":[{"start":{"line":95,"column":4},"end":{"line":95,"column":120}},{"start":{"line":95,"column":4},"end":{"line":95,"column":120}}],"line":95},"6":{"loc":{"start":{"line":95,"column":8},"end":{"line":95,"column":40}},"type":"binary-expr","locations":[{"start":{"line":95,"column":8},"end":{"line":95,"column":16}},{"start":{"line":95,"column":20},"end":{"line":95,"column":40}}],"line":95}},"s":{"0":2,"1":2,"2":2,"3":2,"4":2,"5":2,"6":0,"7":0,"8":2,"9":0,"10":0,"11":0,"12":0,"13":0,"14":0,"15":2,"16":0,"17":0,"18":0,"19":0,"20":0,"21":0,"22":0,"23":2,"24":0,"25":0,"26":0,"27":0,"28":2,"29":0,"30":0,"31":0,"32":0,"33":2,"34":0,"35":0,"36":0,"37":0,"38":2},"f":{"0":0,"1":0,"2":0,"3":0,"4":0,"5":0},"b":{"0":[0,0],"1":[0,0],"2":[0,0],"3":[0,0],"4":[0,0],"5":[0,0],"6":[0,0]},"_coverageSchema":"43e27e138ebf9cfc5966b082cf9a028302ed4184","hash":"a719bf1f3ce784aecc22918b0abb9ff7b8ba3cc0"}
,"D:\\ProjecteBet\\betApi\\startup\\config.js": {"path":"D:\\ProjecteBet\\betApi\\startup\\config.js","statementMap":{"0":{"start":{"line":1,"column":15},"end":{"line":1,"column":32}},"1":{"start":{"line":3,"column":0},"end":{"line":7,"column":1}},"2":{"start":{"line":4,"column":2},"end":{"line":6,"column":3}},"3":{"start":{"line":5,"column":4},"end":{"line":5,"column":66}}},"fnMap":{"0":{"name":"(anonymous_0)","decl":{"start":{"line":3,"column":17},"end":{"line":3,"column":18}},"loc":{"start":{"line":3,"column":28},"end":{"line":7,"column":1}},"line":3}},"branchMap":{"0":{"loc":{"start":{"line":4,"column":2},"end":{"line":6,"column":3}},"type":"if","locations":[{"start":{"line":4,"column":2},"end":{"line":6,"column":3}},{"start":{"line":4,"column":2},"end":{"line":6,"column":3}}],"line":4}},"s":{"0":2,"1":2,"2":2,"3":0},"f":{"0":2},"b":{"0":[0,2]},"_coverageSchema":"43e27e138ebf9cfc5966b082cf9a028302ed4184","hash":"0ce1b769e4e93e61ff758ab66edb94b2b6eea82e"}
,"D:\\ProjecteBet\\betApi\\startup\\db.js": {"path":"D:\\ProjecteBet\\betApi\\startup\\db.js","statementMap":{"0":{"start":{"line":1,"column":16},"end":{"line":1,"column":34}},"1":{"start":{"line":2,"column":17},"end":{"line":2,"column":36}},"2":{"start":{"line":3,"column":15},"end":{"line":3,"column":32}},"3":{"start":{"line":5,"column":0},"end":{"line":14,"column":1}},"4":{"start":{"line":6,"column":13},"end":{"line":6,"column":29}},"5":{"start":{"line":7,"column":2},"end":{"line":11,"column":55}},"6":{"start":{"line":11,"column":16},"end":{"line":11,"column":53}},"7":{"start":{"line":12,"column":2},"end":{"line":12,"column":39}},"8":{"start":{"line":13,"column":2},"end":{"line":13,"column":42}}},"fnMap":{"0":{"name":"(anonymous_0)","decl":{"start":{"line":5,"column":17},"end":{"line":5,"column":18}},"loc":{"start":{"line":5,"column":29},"end":{"line":14,"column":1}},"line":5},"1":{"name":"(anonymous_1)","decl":{"start":{"line":11,"column":10},"end":{"line":11,"column":11}},"loc":{"start":{"line":11,"column":16},"end":{"line":11,"column":53}},"line":11}},"branchMap":{},"s":{"0":2,"1":2,"2":2,"3":2,"4":2,"5":2,"6":2,"7":2,"8":2},"f":{"0":2,"1":2},"b":{},"_coverageSchema":"43e27e138ebf9cfc5966b082cf9a028302ed4184","hash":"c3be0f132228fd14033ca19092bbc02524094b63"}
,"D:\\ProjecteBet\\betApi\\startup\\logging.js": {"path":"D:\\ProjecteBet\\betApi\\startup\\logging.js","statementMap":{"0":{"start":{"line":1,"column":16},"end":{"line":1,"column":34}},"1":{"start":{"line":3,"column":0},"end":{"line":3,"column":32}},"2":{"start":{"line":5,"column":0},"end":{"line":26,"column":1}},"3":{"start":{"line":6,"column":2},"end":{"line":13,"column":8}},"4":{"start":{"line":15,"column":2},"end":{"line":17,"column":5}},"5":{"start":{"line":16,"column":4},"end":{"line":16,"column":13}},"6":{"start":{"line":19,"column":2},"end":{"line":21,"column":6}}},"fnMap":{"0":{"name":"(anonymous_0)","decl":{"start":{"line":5,"column":17},"end":{"line":5,"column":18}},"loc":{"start":{"line":5,"column":29},"end":{"line":26,"column":1}},"line":5},"1":{"name":"(anonymous_1)","decl":{"start":{"line":15,"column":35},"end":{"line":15,"column":36}},"loc":{"start":{"line":15,"column":43},"end":{"line":17,"column":3}},"line":15}},"branchMap":{},"s":{"0":2,"1":2,"2":2,"3":2,"4":2,"5":0,"6":2},"f":{"0":2,"1":0},"b":{},"_coverageSchema":"43e27e138ebf9cfc5966b082cf9a028302ed4184","hash":"7b16fee6204ebf749e8b673be398833bbe9f253e"}
,"D:\\ProjecteBet\\betApi\\startup\\routes.js": {"path":"D:\\ProjecteBet\\betApi\\startup\\routes.js","statementMap":{"0":{"start":{"line":1,"column":16},"end":{"line":1,"column":34}},"1":{"start":{"line":2,"column":15},"end":{"line":2,"column":42}},"2":{"start":{"line":3,"column":17},"end":{"line":3,"column":46}},"3":{"start":{"line":4,"column":17},"end":{"line":4,"column":46}},"4":{"start":{"line":5,"column":19},"end":{"line":5,"column":50}},"5":{"start":{"line":6,"column":17},"end":{"line":6,"column":46}},"6":{"start":{"line":7,"column":13},"end":{"line":7,"column":38}},"7":{"start":{"line":8,"column":14},"end":{"line":8,"column":40}},"8":{"start":{"line":9,"column":13},"end":{"line":9,"column":38}},"9":{"start":{"line":10,"column":14},"end":{"line":10,"column":44}},"10":{"start":{"line":12,"column":0},"end":{"line":23,"column":1}},"11":{"start":{"line":13,"column":2},"end":{"line":13,"column":26}},"12":{"start":{"line":14,"column":2},"end":{"line":14,"column":33}},"13":{"start":{"line":15,"column":2},"end":{"line":15,"column":37}},"14":{"start":{"line":16,"column":2},"end":{"line":16,"column":37}},"15":{"start":{"line":17,"column":2},"end":{"line":17,"column":41}},"16":{"start":{"line":18,"column":2},"end":{"line":18,"column":37}},"17":{"start":{"line":19,"column":2},"end":{"line":19,"column":29}},"18":{"start":{"line":20,"column":2},"end":{"line":20,"column":31}},"19":{"start":{"line":21,"column":2},"end":{"line":21,"column":29}},"20":{"start":{"line":22,"column":2},"end":{"line":22,"column":17}}},"fnMap":{"0":{"name":"(anonymous_0)","decl":{"start":{"line":12,"column":17},"end":{"line":12,"column":18}},"loc":{"start":{"line":12,"column":32},"end":{"line":23,"column":1}},"line":12}},"branchMap":{},"s":{"0":2,"1":2,"2":2,"3":2,"4":2,"5":2,"6":2,"7":2,"8":2,"9":2,"10":2,"11":2,"12":2,"13":2,"14":2,"15":2,"16":2,"17":2,"18":2,"19":2,"20":2},"f":{"0":2},"b":{},"_coverageSchema":"43e27e138ebf9cfc5966b082cf9a028302ed4184","hash":"69eab564ce93db5a3d07dade6f04d13554170ed5"}
,"D:\\ProjecteBet\\betApi\\startup\\validation.js": {"path":"D:\\ProjecteBet\\betApi\\startup\\validation.js","statementMap":{"0":{"start":{"line":1,"column":12},"end":{"line":1,"column":26}},"1":{"start":{"line":3,"column":0},"end":{"line":5,"column":1}},"2":{"start":{"line":4,"column":2},"end":{"line":4,"column":46}}},"fnMap":{"0":{"name":"(anonymous_0)","decl":{"start":{"line":3,"column":17},"end":{"line":3,"column":18}},"loc":{"start":{"line":3,"column":28},"end":{"line":5,"column":1}},"line":3}},"branchMap":{},"s":{"0":2,"1":2,"2":2},"f":{"0":2},"b":{},"_coverageSchema":"43e27e138ebf9cfc5966b082cf9a028302ed4184","hash":"b643100b3930e3011bea5375bea85c26ff1f74cb"}
}
