TN:
SF:D:\ProjecteBet\betApi\index.js
FN:12,(anonymous_0)
FNF:1
FNH:1
FNDA:2,(anonymous_0)
DA:1,2
DA:2,2
DA:3,2
DA:5,2
DA:6,2
DA:7,2
DA:8,2
DA:9,2
DA:11,2
DA:12,2
DA:14,2
LF:11
LH:11
BRDA:11,0,0,2
BRDA:11,0,1,2
BRF:2
BRH:2
end_of_record
TN:
SF:D:\ProjecteBet\betApi\middleware\auth.js
FN:5,(anonymous_0)
FNF:1
FNH:1
FNDA:22,(anonymous_0)
DA:1,3
DA:2,3
DA:5,3
DA:6,22
DA:7,22
DA:9,19
DA:10,19
DA:11,18
DA:12,18
DA:14,1
LF:10
LH:10
BRDA:7,0,0,3
BRDA:7,0,1,19
BRF:2
BRH:2
end_of_record
TN:
SF:D:\ProjecteBet\betApi\middleware\error.js
FN:3,(anonymous_0)
FNF:1
FNH:0
FNDA:0,(anonymous_0)
DA:1,2
DA:3,2
DA:4,0
DA:13,0
LF:4
LH:2
BRF:0
BRH:0
end_of_record
TN:
SF:D:\ProjecteBet\betApi\middleware\validate\validateBookmakerId.js
FN:4,(anonymous_0)
FNF:1
FNH:0
FNDA:0,(anonymous_0)
DA:1,2
DA:4,2
DA:5,0
DA:6,0
DA:8,0
LF:5
LH:2
BRDA:5,0,0,0
BRDA:5,0,1,0
BRF:2
BRH:0
end_of_record
TN:
SF:D:\ProjecteBet\betApi\middleware\validate\validateObjectId.js
FN:4,(anonymous_0)
FNF:1
FNH:1
FNDA:10,(anonymous_0)
DA:1,2
DA:4,2
DA:5,10
DA:6,2
DA:8,8
LF:5
LH:5
BRDA:5,0,0,2
BRDA:5,0,1,8
BRF:2
BRH:2
end_of_record
TN:
SF:D:\ProjecteBet\betApi\middleware\validate\validateSportId.js
FN:4,(anonymous_0)
FNF:1
FNH:0
FNDA:0,(anonymous_0)
DA:1,2
DA:4,2
DA:5,0
DA:6,0
DA:8,0
LF:5
LH:2
BRDA:5,0,0,0
BRDA:5,0,1,0
BRF:2
BRH:0
end_of_record
TN:
SF:D:\ProjecteBet\betApi\middleware\validate\validateUserId.js
FN:4,(anonymous_0)
FNF:1
FNH:0
FNDA:0,(anonymous_0)
DA:1,2
DA:4,2
DA:5,0
DA:6,0
DA:8,0
LF:5
LH:2
BRDA:5,0,0,0
BRDA:5,0,1,0
BRF:2
BRH:0
end_of_record
TN:
SF:D:\ProjecteBet\betApi\models\bet.js
FN:84,validateBet
FNF:1
FNH:0
FNDA:0,validateBet
DA:1,2
DA:2,2
DA:4,2
DA:6,2
DA:82,2
DA:85,0
DA:105,0
DA:108,2
DA:109,2
LF:9
LH:7
BRF:0
BRH:0
end_of_record
TN:
SF:D:\ProjecteBet\betApi\models\betType.js
FN:17,validateBetType
FNF:1
FNH:0
FNDA:0,validateBetType
DA:1,2
DA:2,2
DA:4,2
DA:15,2
DA:18,0
DA:22,0
DA:25,2
DA:26,2
LF:8
LH:6
BRF:0
BRH:0
end_of_record
TN:
SF:D:\ProjecteBet\betApi\models\bookmaker.js
FN:22,validateBookmaker
FNF:1
FNH:0
FNDA:0,validateBookmaker
DA:1,2
DA:2,2
DA:4,2
DA:20,2
DA:23,0
DA:28,0
DA:31,2
DA:32,2
LF:8
LH:6
BRF:0
BRH:0
end_of_record
TN:
SF:D:\ProjecteBet\betApi\models\sport.js
FN:14,validateSport
FNF:1
FNH:1
FNDA:11,validateSport
DA:1,2
DA:2,2
DA:4,2
DA:12,2
DA:15,11
DA:18,11
DA:21,2
DA:22,2
LF:8
LH:8
BRF:0
BRH:0
end_of_record
TN:
SF:D:\ProjecteBet\betApi\models\tipster.js
FN:18,validateTipster
FNF:1
FNH:0
FNDA:0,validateTipster
DA:1,2
DA:2,2
DA:4,2
DA:16,2
DA:19,0
DA:23,0
DA:26,2
DA:27,2
LF:8
LH:6
BRF:0
BRH:0
end_of_record
TN:
SF:D:\ProjecteBet\betApi\models\user.js
FN:29,(anonymous_0)
FN:39,validateUser
FNF:2
FNH:1
FNDA:22,(anonymous_0)
FNDA:0,validateUser
DA:1,3
DA:2,3
DA:3,3
DA:4,3
DA:6,3
DA:29,3
DA:30,22
DA:34,22
DA:37,3
DA:40,0
DA:46,0
DA:49,3
DA:50,3
LF:13
LH:11
BRF:0
BRH:0
end_of_record
TN:
SF:D:\ProjecteBet\betApi\models\winType.js
FN:20,validateWinType
FNF:1
FNH:0
FNDA:0,validateWinType
DA:1,2
DA:2,2
DA:4,2
DA:18,2
DA:21,0
DA:25,0
DA:28,2
DA:29,2
LF:8
LH:6
BRF:0
BRH:0
end_of_record
TN:
SF:D:\ProjecteBet\betApi\routes\auth.js
FN:12,(anonymous_0)
FN:30,validate
FNF:2
FNH:0
FNDA:0,(anonymous_0)
FNDA:0,validate
DA:1,2
DA:2,2
DA:5,2
DA:6,2
DA:7,2
DA:12,2
DA:15,0
DA:16,0
DA:18,0
DA:21,0
DA:23,0
DA:24,0
DA:26,0
DA:27,0
DA:31,0
DA:36,0
DA:39,2
LF:17
LH:7
BRDA:16,0,0,0
BRDA:16,0,1,0
BRDA:21,1,0,0
BRDA:21,1,1,0
BRDA:24,2,0,0
BRDA:24,2,1,0
BRF:6
BRH:0
end_of_record
TN:
SF:D:\ProjecteBet\betApi\routes\betTypes.js
FN:14,(anonymous_0)
FN:22,(anonymous_1)
FN:42,(anonymous_2)
FN:65,(anonymous_3)
FN:78,(anonymous_4)
FN:91,(anonymous_5)
FN:106,(anonymous_6)
FNF:7
FNH:0
FNDA:0,(anonymous_0)
FNDA:0,(anonymous_1)
FNDA:0,(anonymous_2)
FNDA:0,(anonymous_3)
FNDA:0,(anonymous_4)
FNDA:0,(anonymous_5)
FNDA:0,(anonymous_6)
DA:1,2
DA:2,2
DA:6,2
DA:7,2
DA:8,2
DA:9,2
DA:14,2
DA:15,0
DA:16,0
DA:22,2
DA:25,0
DA:26,0
DA:28,0
DA:32,0
DA:34,0
DA:42,2
DA:45,0
DA:46,0
DA:48,0
DA:55,0
DA:57,0
DA:65,2
DA:66,0
DA:68,0
DA:70,0
DA:78,2
DA:79,0
DA:81,0
DA:83,0
DA:91,2
DA:92,0
DA:96,0
DA:98,0
DA:106,2
DA:107,0
DA:111,0
DA:113,0
DA:116,2
LF:38
LH:14
BRDA:26,0,0,0
BRDA:26,0,1,0
BRDA:46,1,0,0
BRDA:46,1,1,0
BRDA:55,2,0,0
BRDA:55,2,1,0
BRDA:68,3,0,0
BRDA:68,3,1,0
BRDA:81,4,0,0
BRDA:81,4,1,0
BRDA:96,5,0,0
BRDA:96,5,1,0
BRDA:96,6,0,0
BRDA:96,6,1,0
BRDA:111,7,0,0
BRDA:111,7,1,0
BRDA:111,8,0,0
BRDA:111,8,1,0
BRF:18
BRH:0
end_of_record
TN:
SF:D:\ProjecteBet\betApi\routes\bets.js
FN:19,(anonymous_0)
FN:30,(anonymous_1)
FN:66,(anonymous_2)
FN:105,(anonymous_3)
FN:118,(anonymous_4)
FN:131,(anonymous_5)
FNF:6
FNH:0
FNDA:0,(anonymous_0)
FNDA:0,(anonymous_1)
FNDA:0,(anonymous_2)
FNDA:0,(anonymous_3)
FNDA:0,(anonymous_4)
FNDA:0,(anonymous_5)
DA:1,2
DA:2,2
DA:3,2
DA:7,2
DA:8,2
DA:9,2
DA:10,2
DA:19,2
DA:20,0
DA:23,0
DA:30,2
DA:33,0
DA:34,0
DA:36,0
DA:56,0
DA:58,0
DA:66,2
DA:69,0
DA:70,0
DA:72,0
DA:95,0
DA:97,0
DA:105,2
DA:106,0
DA:108,0
DA:110,0
DA:118,2
DA:119,0
DA:121,0
DA:123,0
DA:131,2
DA:132,0
DA:136,0
DA:138,0
DA:141,2
LF:35
LH:14
BRDA:34,0,0,0
BRDA:34,0,1,0
BRDA:70,1,0,0
BRDA:70,1,1,0
BRDA:95,2,0,0
BRDA:95,2,1,0
BRDA:108,3,0,0
BRDA:108,3,1,0
BRDA:121,4,0,0
BRDA:121,4,1,0
BRDA:136,5,0,0
BRDA:136,5,1,0
BRDA:136,6,0,0
BRDA:136,6,1,0
BRF:14
BRH:0
end_of_record
TN:
SF:D:\ProjecteBet\betApi\routes\bookmakers.js
FN:15,(anonymous_0)
FN:23,(anonymous_1)
FN:44,(anonymous_2)
FN:68,(anonymous_3)
FN:79,(anonymous_4)
FN:93,(anonymous_5)
FN:108,(anonymous_6)
FNF:7
FNH:0
FNDA:0,(anonymous_0)
FNDA:0,(anonymous_1)
FNDA:0,(anonymous_2)
FNDA:0,(anonymous_3)
FNDA:0,(anonymous_4)
FNDA:0,(anonymous_5)
FNDA:0,(anonymous_6)
DA:1,2
DA:2,2
DA:6,2
DA:7,2
DA:8,2
DA:9,2
DA:15,2
DA:16,0
DA:17,0
DA:23,2
DA:26,0
DA:27,0
DA:29,0
DA:34,0
DA:36,0
DA:44,2
DA:47,0
DA:48,0
DA:50,0
DA:58,0
DA:60,0
DA:68,2
DA:69,0
DA:71,0
DA:73,0
DA:79,2
DA:80,0
DA:82,0
DA:84,0
DA:93,2
DA:94,0
DA:98,0
DA:100,0
DA:108,2
DA:109,0
DA:113,0
DA:115,0
DA:118,2
LF:38
LH:14
BRDA:27,0,0,0
BRDA:27,0,1,0
BRDA:48,1,0,0
BRDA:48,1,1,0
BRDA:58,2,0,0
BRDA:58,2,1,0
BRDA:71,3,0,0
BRDA:71,3,1,0
BRDA:82,4,0,0
BRDA:82,4,1,0
BRDA:98,5,0,0
BRDA:98,5,1,0
BRDA:98,6,0,0
BRDA:98,6,1,0
BRDA:113,7,0,0
BRDA:113,7,1,0
BRDA:113,8,0,0
BRDA:113,8,1,0
BRF:18
BRH:0
end_of_record
TN:
SF:D:\ProjecteBet\betApi\routes\sports.js
FN:13,(anonymous_0)
FN:21,(anonymous_1)
FN:40,(anonymous_2)
FN:62,(anonymous_3)
FN:75,(anonymous_4)
FN:88,(anonymous_5)
FNF:6
FNH:6
FNDA:1,(anonymous_0)
FNDA:7,(anonymous_1)
FNDA:4,(anonymous_2)
FNDA:2,(anonymous_3)
FNDA:2,(anonymous_4)
FNDA:2,(anonymous_5)
DA:1,2
DA:5,2
DA:6,2
DA:7,2
DA:8,2
DA:13,2
DA:14,1
DA:15,1
DA:21,2
DA:24,7
DA:25,7
DA:27,5
DA:30,5
DA:32,5
DA:40,2
DA:43,4
DA:44,4
DA:46,3
DA:52,3
DA:54,2
DA:62,2
DA:63,2
DA:65,2
DA:67,1
DA:75,2
DA:76,2
DA:78,2
DA:80,1
DA:88,2
DA:89,2
DA:93,2
DA:95,1
DA:98,2
LF:33
LH:33
BRDA:25,0,0,2
BRDA:25,0,1,5
BRDA:44,1,0,1
BRDA:44,1,1,3
BRDA:52,2,0,1
BRDA:52,2,1,2
BRDA:65,3,0,1
BRDA:65,3,1,1
BRDA:78,4,0,1
BRDA:78,4,1,1
BRDA:93,5,0,1
BRDA:93,5,1,1
BRDA:93,6,0,2
BRDA:93,6,1,2
BRF:14
BRH:14
end_of_record
TN:
SF:D:\ProjecteBet\betApi\routes\tipsters.js
FN:15,(anonymous_0)
FN:23,(anonymous_1)
FN:43,(anonymous_2)
FN:66,(anonymous_3)
FN:79,(anonymous_4)
FN:93,(anonymous_5)
FN:108,(anonymous_6)
FNF:7
FNH:0
FNDA:0,(anonymous_0)
FNDA:0,(anonymous_1)
FNDA:0,(anonymous_2)
FNDA:0,(anonymous_3)
FNDA:0,(anonymous_4)
FNDA:0,(anonymous_5)
FNDA:0,(anonymous_6)
DA:1,2
DA:2,2
DA:6,2
DA:7,2
DA:8,2
DA:9,2
DA:15,2
DA:16,0
DA:17,0
DA:23,2
DA:26,0
DA:27,0
DA:29,0
DA:33,0
DA:35,0
DA:43,2
DA:46,0
DA:47,0
DA:49,0
DA:56,0
DA:58,0
DA:66,2
DA:67,0
DA:69,0
DA:71,0
DA:79,2
DA:80,0
DA:82,0
DA:84,0
DA:93,2
DA:94,0
DA:98,0
DA:100,0
DA:108,2
DA:109,0
DA:113,0
DA:115,0
DA:118,2
LF:38
LH:14
BRDA:27,0,0,0
BRDA:27,0,1,0
BRDA:47,1,0,0
BRDA:47,1,1,0
BRDA:56,2,0,0
BRDA:56,2,1,0
BRDA:69,3,0,0
BRDA:69,3,1,0
BRDA:82,4,0,0
BRDA:82,4,1,0
BRDA:98,5,0,0
BRDA:98,5,1,0
BRDA:98,6,0,0
BRDA:98,6,1,0
BRDA:113,7,0,0
BRDA:113,7,1,0
BRDA:113,8,0,0
BRDA:113,8,1,0
BRF:18
BRH:0
end_of_record
TN:
SF:D:\ProjecteBet\betApi\routes\users.js
FN:14,(anonymous_0)
FN:22,(anonymous_1)
FNF:2
FNH:0
FNDA:0,(anonymous_0)
FNDA:0,(anonymous_1)
DA:1,2
DA:2,2
DA:3,2
DA:7,2
DA:8,2
DA:9,2
DA:14,2
DA:15,0
DA:16,0
DA:22,2
DA:25,0
DA:26,0
DA:28,0
DA:31,0
DA:33,0
DA:34,0
DA:35,0
DA:36,0
DA:38,0
DA:39,0
DA:42,2
LF:21
LH:9
BRDA:26,0,0,0
BRDA:26,0,1,0
BRDA:31,1,0,0
BRDA:31,1,1,0
BRF:4
BRH:0
end_of_record
TN:
SF:D:\ProjecteBet\betApi\routes\winTypes.js
FN:13,(anonymous_0)
FN:21,(anonymous_1)
FN:41,(anonymous_2)
FN:64,(anonymous_3)
FN:77,(anonymous_4)
FN:90,(anonymous_5)
FNF:6
FNH:0
FNDA:0,(anonymous_0)
FNDA:0,(anonymous_1)
FNDA:0,(anonymous_2)
FNDA:0,(anonymous_3)
FNDA:0,(anonymous_4)
FNDA:0,(anonymous_5)
DA:1,2
DA:5,2
DA:6,2
DA:7,2
DA:8,2
DA:13,2
DA:14,0
DA:15,0
DA:21,2
DA:24,0
DA:25,0
DA:27,0
DA:31,0
DA:33,0
DA:41,2
DA:44,0
DA:45,0
DA:47,0
DA:54,0
DA:56,0
DA:64,2
DA:65,0
DA:67,0
DA:69,0
DA:77,2
DA:78,0
DA:80,0
DA:82,0
DA:90,2
DA:91,0
DA:95,0
DA:97,0
DA:100,2
LF:33
LH:12
BRDA:25,0,0,0
BRDA:25,0,1,0
BRDA:45,1,0,0
BRDA:45,1,1,0
BRDA:54,2,0,0
BRDA:54,2,1,0
BRDA:67,3,0,0
BRDA:67,3,1,0
BRDA:80,4,0,0
BRDA:80,4,1,0
BRDA:95,5,0,0
BRDA:95,5,1,0
BRDA:95,6,0,0
BRDA:95,6,1,0
BRF:14
BRH:0
end_of_record
TN:
SF:D:\ProjecteBet\betApi\startup\config.js
FN:3,(anonymous_0)
FNF:1
FNH:1
FNDA:2,(anonymous_0)
DA:1,2
DA:3,2
DA:4,2
DA:5,0
LF:4
LH:3
BRDA:4,0,0,0
BRDA:4,0,1,2
BRF:2
BRH:1
end_of_record
TN:
SF:D:\ProjecteBet\betApi\startup\db.js
FN:5,(anonymous_0)
FN:11,(anonymous_1)
FNF:2
FNH:2
FNDA:2,(anonymous_0)
FNDA:2,(anonymous_1)
DA:1,2
DA:2,2
DA:3,2
DA:5,2
DA:6,2
DA:7,2
DA:11,2
DA:12,2
DA:13,2
LF:9
LH:9
BRF:0
BRH:0
end_of_record
TN:
SF:D:\ProjecteBet\betApi\startup\logging.js
FN:5,(anonymous_0)
FN:15,(anonymous_1)
FNF:2
FNH:1
FNDA:2,(anonymous_0)
FNDA:0,(anonymous_1)
DA:1,2
DA:3,2
DA:5,2
DA:6,2
DA:15,2
DA:16,0
DA:19,2
LF:7
LH:6
BRF:0
BRH:0
end_of_record
TN:
SF:D:\ProjecteBet\betApi\startup\routes.js
FN:12,(anonymous_0)
FNF:1
FNH:1
FNDA:2,(anonymous_0)
DA:1,2
DA:2,2
DA:3,2
DA:4,2
DA:5,2
DA:6,2
DA:7,2
DA:8,2
DA:9,2
DA:10,2
DA:12,2
DA:13,2
DA:14,2
DA:15,2
DA:16,2
DA:17,2
DA:18,2
DA:19,2
DA:20,2
DA:21,2
DA:22,2
LF:21
LH:21
BRF:0
BRH:0
end_of_record
TN:
SF:D:\ProjecteBet\betApi\startup\validation.js
FN:3,(anonymous_0)
FNF:1
FNH:1
FNDA:2,(anonymous_0)
DA:1,2
DA:3,2
DA:4,2
LF:3
LH:3
BRF:0
BRH:0
end_of_record
